#
# A fatal error has been detected by the Java Runtime Environment:
#
#  SIGBUS (0xa) at pc=0x000000010e0814f0, pid=35193, tid=29967
#
# JRE version: OpenJDK Runtime Environment (18.0.1.1+2) (build 18.0.1.1+2-6)
# Java VM: OpenJDK 64-Bit Server VM (18.0.1.1+2-6, mixed mode, emulated-client, sharing, tiered, compressed oops, compressed class ptrs, g1 gc, bsd-aarch64)
# Problematic frame:
# v  ~StubRoutines::SafeFetchN
#
# No core dump will be written. Core dumps have been disabled. To enable core dumping, try "ulimit -c unlimited" before starting Java again
#
# If you would like to submit a bug report, please visit:
#   https://bugreport.java.com/bugreport/crash.jsp
# The crash happened outside the Java Virtual Machine in native code.
# See problematic frame for where to report the bug.
#

---------------  S U M M A R Y ------------

Command Line: -XX:TieredStopAtLevel=1 -Xverify:none -Dspring.output.ansi.enabled=always -Dcom.sun.management.jmxremote -Dspring.jmx.enabled=true -Dspring.liveBeansView.mbeanDomain -Dspring.application.admin.enabled=true -javaagent:/Applications/IntelliJ IDEA.app/Contents/lib/idea_rt.jar=58303:/Applications/IntelliJ IDEA.app/Contents/bin -Dfile.encoding=UTF-8 com.mpp.librarysys.LibrarySystemSpringBootApplication

Host: "MacBookPro17,1" arm64, 8 cores, 8G, Darwin 21.3.0, macOS 12.2.1 (21D62)
Time: Thu Jun  2 14:05:58 2022 CDT elapsed time: 13.355583 seconds (0d 0h 0m 13s)

---------------  T H R E A D  ---------------

Current thread (0x000000014b909600):  JavaThread "InvokeLaterDispatcher" daemon [_thread_in_native, id=29967, stack(0x000000016e648000,0x000000016e84b000)]

Stack: [0x000000016e648000,0x000000016e84b000],  sp=0x000000016e84a7a0,  free space=2057k
Native frames: (J=compiled Java code, j=interpreted, Vv=VM code, C=native code)
v  ~StubRoutines::SafeFetchN
V  [libjvm.dylib+0x7cdaa0]  _ZN10OopStorage7releaseEPKP7oopDesc+0x20
V  [libjvm.dylib+0x4f47ec]  jni_DeleteGlobalRef+0xd4
C  [libglass.dylib+0xab08]  -[GlassRunnable dealloc]+0x34
C  [Foundation+0x84c7c]  -[_NSThreadPerformInfo dealloc]+0x30
C  [Foundation+0x51578]  -[NSObject(NSThreadPerformAdditions) performSelectorOnMainThread:withObject:waitUntilDone:]+0x88
C  0x736a80010e08937c
j  com.sun.glass.ui.mac.MacApplication.submitForLaterInvocation(Ljava/lang/Runnable;)V+2
j  com.sun.glass.ui.InvokeLaterDispatcher.run()V+82
v  ~StubRoutines::call_stub
V  [libjvm.dylib+0x49bbf8]  _ZN9JavaCalls11call_helperEP9JavaValueRK12methodHandleP17JavaCallArgumentsP10JavaThread+0x38c
V  [libjvm.dylib+0x49ac14]  _ZN9JavaCalls12call_virtualEP9JavaValueP5KlassP6SymbolS5_P17JavaCallArgumentsP10JavaThread+0x11c
V  [libjvm.dylib+0x49ace0]  _ZN9JavaCalls12call_virtualEP9JavaValue6HandleP5KlassP6SymbolS6_P10JavaThread+0x64
V  [libjvm.dylib+0x54e810]  _ZL12thread_entryP10JavaThreadS0_+0x9c
V  [libjvm.dylib+0x918b10]  _ZN10JavaThread17thread_main_innerEv+0xa8
V  [libjvm.dylib+0x9174a0]  _ZN6Thread8call_runEv+0xe0
V  [libjvm.dylib+0x7d4284]  _ZL19thread_native_entryP6Thread+0x158
C  [libsystem_pthread.dylib+0x7240]  _pthread_start+0x94

Java frames: (J=compiled Java code, j=interpreted, Vv=VM code)
j  com.sun.glass.ui.mac.MacApplication._submitForLaterInvocation(Ljava/lang/Runnable;)V+0
j  com.sun.glass.ui.mac.MacApplication.submitForLaterInvocation(Ljava/lang/Runnable;)V+2
j  com.sun.glass.ui.InvokeLaterDispatcher.run()V+82
v  ~StubRoutines::call_stub

siginfo: si_signo: 10 (SIGBUS), si_code: 1 (BUS_ADRALN), si_addr: 0x000000010e0814f0

Register to memory mapping:

 x0=0x000000012ae064c8 is a global jni handle
 x1=0x0 is NULL
 x2=0x0000000782a02d18 is an oop: com.sun.glass.ui.InvokeLaterDispatcher$Future 
{0x0000000782a02d18} - klass: 'com/sun/glass/ui/InvokeLaterDispatcher$Future'
 - ---- fields (total size 3 words):
 - private 'done' 'Z' @12  true
 - private final 'runnable' 'Ljava/lang/Runnable;' @16  a 'com/sun/javafx/tk/quantum/QuantumToolkit$$Lambda$152+0x0000000800cdd7e8'{0x00000007806b6550} (f00d6caa)
 - final synthetic 'this$0' 'Lcom/sun/glass/ui/InvokeLaterDispatcher;' @20  a 'com/sun/glass/ui/InvokeLaterDispatcher'{0x00000007804ffc50} (f009ff8a)
 x3=0x0 is NULL
 x4=0x00000000000130a8 is an unknown value
 x5=0x0 is NULL
 x6=0x0 is NULL
 x7=0x0 is NULL
 x8=0x000000010e0814ec is at begin+0 in a stub
StubRoutines::SafeFetchN [0x000000010e0814ec, 0x000000010e0814f8] (12 bytes)
 x9=0x0 is NULL
x10=0x2010000030300000 is an unknown value
x11=0x0000000000000007 is an unknown value
x12=0x0000000000000007 is an unknown value
x13=0x00006000002dc2e0 points into unknown readable memory: 0xbe3a8001ae075738 | 38 57 07 ae 01 80 3a be
x14=0x0000000000000001 is an unknown value
x15=0x00000001057b5f98: OBJC_CLASS_$_GlassRunnable+0 in /Users/saroz/.openjfx/cache/17.0.1/libglass.dylib at 0x0000000105770000
x16=0x00000001ad0e4094: pthread_getspecific+0 in /usr/lib/system/libsystem_pthread.dylib at 0x00000001ad0e2000
x17=0x00006000007c95e0 points into unknown readable memory: 0xfffffffffffffffe | fe ff ff ff ff ff ff ff
x18=0x0 is NULL
x19=0x00006000007cca10 points into unknown readable memory: 0x0000600002ecd320 | 20 d3 ec 02 00 60 00 00
x20=0x000000012ae062c0 points into unknown readable memory: 0x0000000000000000 | 00 00 00 00 00 00 00 00
x21=0x000000012ae064c8 is a global jni handle
x22=0x000000014b909600 is a thread
x23=0x0000000000000001 is an unknown value
x24=0x000000012ae06480 is a global jni handle
x25=0x0000000106416ca8: _ZN12StubRoutines17_safefetchN_entryE+0 in /Users/saroz/Library/Java/JavaVirtualMachines/openjdk-18.0.1.1/Contents/Home/lib/server/libjvm.dylib at 0x0000000105838000
x26=0x00000001178bbff8 is pointing into metadata
x27=0x0 is NULL
x28=0x000000014b909600 is a thread


Registers:
 x0=0x000000012ae064c8  x1=0x0000000000000000  x2=0x0000000782a02d18  x3=0x0000000000000000
 x4=0x00000000000130a8  x5=0x0000000000000000  x6=0x0000000000000000  x7=0x0000000000000000
 x8=0x000000010e0814ec  x9=0x0000000000000000 x10=0x2010000030300000 x11=0x0000000000000007
x12=0x0000000000000007 x13=0x00006000002dc2e0 x14=0x0000000000000001 x15=0x00000001057b5f98
x16=0x00000001ad0e4094 x17=0x00006000007c95e0 x18=0x0000000000000000 x19=0x00006000007cca10
x20=0x000000012ae062c0 x21=0x000000012ae064c8 x22=0x000000014b909600 x23=0x0000000000000001
x24=0x000000012ae06480 x25=0x0000000106416ca8 x26=0x00000001178bbff8 x27=0x0000000000000000
x28=0x000000014b909600  fp=0x000000016e84a7e0  lr=0x0000000106004894  sp=0x000000016e84a7a0
pc=0x000000010e0814f0 cpsr=0x0000000060001000
Top of Stack: (sp=0x000000016e84a7a0)
0x000000016e84a7a0:   00000001178bbff8 0000000000000001
0x000000016e84a7b0:   000000016e84a9a8 0000000000000000
0x000000016e84a7c0:   000000013b00b690 000000012ae06480
0x000000016e84a7d0:   000000012ae06480 00006000007cca10
0x000000016e84a7e0:   000000016e84a820 0000000106005aa0
0x000000016e84a7f0:   0000000000000001 000000012ae06480
0x000000016e84a800:   000000013b00b690 000000012ae06480
0x000000016e84a810:   0000000000000001 000000013b00b400
0x000000016e84a820:   000000016e84a860 0000000105d2c7ec
0x000000016e84a830:   000000016e84a9a8 0000600006eb8da0
0x000000016e84a840:   0000600006eb9000 00000001f765e9e3
0x000000016e84a850:   0000000000000000 0000600006eb9000
0x000000016e84a860:   000000016e84a890 000000010577ab08
0x000000016e84a870:   0f948c50074400c5 0000000000000000
0x000000016e84a880:   0000000000000000 00006000036ef4c0
0x000000016e84a890:   000000016e84a8d0 00000001ae0a8c7c
0x000000016e84a8a0:   000000016e84a9a8 0000600006eb8da0
0x000000016e84a8b0:   0000600006eb9000 0f948c50074400c5
0x000000016e84a8c0:   0000000000000000 0000000000000000
0x000000016e84a8d0:   000000016e84a910 08380001ae075578
0x000000016e84a8e0:   000000016e84a9a8 000000010e088440
0x000000016e84a8f0:   0000000000000000 000000010641e760
0x000000016e84a900:   000000016e84a920 000000010e0873f0
0x000000016e84a910:   000000016e84a980 736a80010e08937c
0x000000016e84a920:   0000000000000000 0000000780683968
0x000000016e84a930:   000000016e84a930 0000000000000000
0x000000016e84a940:   000000016e84a9a8 00000001178bbff8
0x000000016e84a950:   00000007804de600 0000000000000000
0x000000016e84a960:   0000000000000000 00000001178bb0c8
0x000000016e84a970:   0000000000000000 000000016e84a980
0x000000016e84a980:   000000016e84aa00 000000010e085e18
0x000000016e84a990:   0000000000000000 0000000000000000 

Instructions: (pc=0x000000010e0814f0)
0x000000010e0813f0:   f2a0c7c9 f2c00029 6d425935 1e640886
0x000000010e081400:   0c402d31 1e6408c7 1f5654d0 1e6c1017
0x000000010e081410:   1f5050d0 1f504cd0 1f5048d0 1e650af6
0x000000010e081420:   1f50d8f6 1f5694d6 1f5158f6 1e762880
0x000000010e081430:   36000501 1e614000 14000026 2e251ca5
0x000000010e081440:   d2863009 f2a0c7c9 f2c00029 6d425d36
0x000000010e081450:   1e600806 0c402d32 1f5758c7 1e6c101a
0x000000010e081460:   1f4754c7 1e650805 1f4750c7 d2866668
0x000000010e081470:   f2a7fa68 1f474cc7 1e6608c0 1f4748c7
0x000000010e081480:   1e6e1019 eb08007f 540000ac 1f479400
0x000000010e081490:   1f460340 1e603b20 1400000e d2a7fd29
0x000000010e0814a0:   eb09007f 540000ac 51480069 d3607d29
0x000000010e0814b0:   9e670121 14000002 1e6a5001 1f679417
0x000000010e0814c0:   1f668742 1e613b23 1e773857 1e773860
0x000000010e0814d0:   a8c17ff3 910003bf a8c17bfd d65f03c0
0x000000010e0814e0:   b9400001 aa0103e0 d65f03c0 f9400001
0x000000010e0814f0:   aa0103e0 d65f03c0 00000000 00000000
0x000000010e081500:   00000000 00000000 00000000 00000000
0x000000010e081510:   00000000 00000000 00000000 00000000
0x000000010e081520:   00000000 00000000 00000000 00000000
0x000000010e081530:   00000000 00000000 00000000 00000000
0x000000010e081540:   00000000 00000000 00000000 00000000
0x000000010e081550:   00000000 00000000 00000000 00000000
0x000000010e081560:   00000000 00000000 00000000 00000000
0x000000010e081570:   00000000 00000000 00000000 00000000
0x000000010e081580:   00000000 00000000 00000000 00000000
0x000000010e081590:   00000000 00000000 00000000 00000000
0x000000010e0815a0:   00000000 00000000 00000000 00000000
0x000000010e0815b0:   00000000 00000000 00000000 00000000
0x000000010e0815c0:   00000000 00000000 00000000 00000000
0x000000010e0815d0:   00000000 00000000 00000000 00000000
0x000000010e0815e0:   00000000 00000000 00000000 00000000 


Stack slot to memory mapping:
stack at sp + 0 slots: 0x00000001178bbff8 is pointing into metadata
stack at sp + 1 slots: 0x0000000000000001 is an unknown value
stack at sp + 2 slots: 0x000000016e84a9a8 is pointing into the stack for thread: 0x000000014b909600
stack at sp + 3 slots: 0x0 is NULL
stack at sp + 4 slots: 0x000000013b00b690 points into unknown readable memory: 0x00000001063d3378 | 78 33 3d 06 01 00 00 00
stack at sp + 5 slots: 0x000000012ae06480 is a global jni handle
stack at sp + 6 slots: 0x000000012ae06480 is a global jni handle
stack at sp + 7 slots: 0x00006000007cca10 points into unknown readable memory: 0x0000600002ecd320 | 20 d3 ec 02 00 60 00 00

StubRoutines::SafeFetchN [0x000000010e0814ec, 0x000000010e0814f8] (12 bytes)
[MachCode]
  0x000000010e0814ec: 0100 40f9 | e003 01aa | c003 5fd6 
[/MachCode]

---------------  P R O C E S S  ---------------

Threads class SMR info:
_java_thread_list=0x0000600002d233c0, length=29, elements={
0x000000014b80dc00, 0x000000013b009800, 0x000000013b00c000, 0x000000013b011600,
0x000000014b00a600, 0x000000014b009e00, 0x000000014b00ce00, 0x000000014b00d400,
0x000000015b011400, 0x000000013b011000, 0x000000013b018200, 0x000000015b037000,
0x000000013b010800, 0x000000011d838c00, 0x000000014b909600, 0x000000013b00b400,
0x000000011e8f2000, 0x000000014b0b9000, 0x000000013b158400, 0x000000011e8fa000,
0x000000013b15ee00, 0x000000014b2f9e00, 0x000000014b97aa00, 0x000000015b37be00,
0x000000013b18a600, 0x000000014b874a00, 0x000000014b07b600, 0x000000013b1eba00,
0x000000014b8d8e00
}

Java Threads: ( => current thread )
  0x000000014b80dc00 JavaThread "main" [_thread_blocked, id=6147, stack(0x000000016ba34000,0x000000016bc37000)]
  0x000000013b009800 JavaThread "Reference Handler" daemon [_thread_blocked, id=17155, stack(0x000000016c888000,0x000000016ca8b000)]
  0x000000013b00c000 JavaThread "Finalizer" daemon [_thread_blocked, id=15875, stack(0x000000016ca94000,0x000000016cc97000)]
  0x000000013b011600 JavaThread "Signal Dispatcher" daemon [_thread_blocked, id=22787, stack(0x000000016cdb8000,0x000000016cfbb000)]
  0x000000014b00a600 JavaThread "Service Thread" daemon [_thread_blocked, id=42243, stack(0x000000016cfc4000,0x000000016d1c7000)]
  0x000000014b009e00 JavaThread "Monitor Deflation Thread" daemon [_thread_blocked, id=23555, stack(0x000000016d1d0000,0x000000016d3d3000)]
  0x000000014b00ce00 JavaThread "C1 CompilerThread0" daemon [_thread_blocked, id=41987, stack(0x000000016d3dc000,0x000000016d5df000)]
  0x000000014b00d400 JavaThread "Sweeper thread" daemon [_thread_blocked, id=41731, stack(0x000000016d5e8000,0x000000016d7eb000)]
  0x000000015b011400 JavaThread "Common-Cleaner" daemon [_thread_blocked, id=24579, stack(0x000000016d7f4000,0x000000016d9f7000)]
  0x000000013b011000 JavaThread "Monitor Ctrl-Break" daemon [_thread_in_native, id=41475, stack(0x000000016da00000,0x000000016dc03000)]
  0x000000013b018200 JavaThread "Notification Thread" daemon [_thread_blocked, id=25347, stack(0x000000016dc0c000,0x000000016de0f000)]
  0x000000015b037000 JavaThread "RMI TCP Accept-0" daemon [_thread_in_native, id=25859, stack(0x000000016de18000,0x000000016e01b000)]
  0x000000013b010800 JavaThread "JavaFX-Launcher" [_thread_blocked, id=40707, stack(0x000000016e230000,0x000000016e433000)]
  0x000000011d838c00 JavaThread "QuantumRenderer-0" daemon [_thread_blocked, id=40451, stack(0x000000016e43c000,0x000000016e63f000)]
=>0x000000014b909600 JavaThread "InvokeLaterDispatcher" daemon [_thread_in_native, id=29967, stack(0x000000016e648000,0x000000016e84b000)]
  0x000000013b00b400 JavaThread "JavaFX Application Thread" [_thread_in_vm, id=259, stack(0x000000016b1ac000,0x000000016b9a8000)]
  0x000000011e8f2000 JavaThread "Attach Listener" daemon [_thread_blocked, id=55055, stack(0x000000016eb78000,0x000000016ed7b000)]
  0x000000014b0b9000 JavaThread "RMI TCP Connection(4)-127.0.0.1" daemon [_thread_in_native, id=69379, stack(0x000000016f9cc000,0x000000016fbcf000)]
  0x000000013b158400 JavaThread "RMI Scheduler(0)" daemon [_thread_blocked, id=58115, stack(0x000000016fbd8000,0x000000016fddb000)]
  0x000000011e8fa000 JavaThread "RMI TCP Connection(2)-127.0.0.1" daemon [_thread_in_native, id=63247, stack(0x0000000290210000,0x0000000290413000)]
  0x000000013b15ee00 JavaThread "mysql-cj-abandoned-connection-cleanup" daemon [_thread_blocked, id=63503, stack(0x000000029041c000,0x000000029061f000)]
  0x000000014b2f9e00 JavaThread "HikariPool-1 housekeeper" daemon [_thread_blocked, id=62467, stack(0x0000000290834000,0x0000000290a37000)]
  0x000000014b97aa00 JavaThread "RMI TCP Connection(6)-127.0.0.1" daemon [_thread_in_native, id=87815, stack(0x0000000290c4c000,0x0000000290e4f000)]
  0x000000015b37be00 JavaThread "RMI TCP Connection(7)-127.0.0.1" daemon [_thread_in_native, id=88071, stack(0x0000000290e58000,0x000000029105b000)]
  0x000000013b18a600 JavaThread "RMI TCP Connection(8)-127.0.0.1" daemon [_thread_in_native, id=56079, stack(0x0000000291064000,0x0000000291267000)]
  0x000000014b874a00 JavaThread "JMX server connection timeout 55" daemon [_thread_blocked, id=87583, stack(0x0000000290a40000,0x0000000290c43000)]
  0x000000014b07b600 JavaThread "PulseTimer-CVDisplayLink thread" daemon [_thread_in_native, id=173571, stack(0x000000016e9f8000,0x000000016ea7b000)]
  0x000000013b1eba00 JavaThread "Prism Font Disposer" daemon [_thread_blocked, id=173187, stack(0x0000000291270000,0x0000000291473000)]
  0x000000014b8d8e00 JavaThread "Cleaner-0" daemon [_thread_blocked, id=93707, stack(0x000000029147c000,0x000000029167f000)]

Other Threads:
  0x000000013ae18e20 VMThread "VM Thread" [stack: 0x000000016c67c000,0x000000016c87f000] [id=15107]
  0x000000015ae0cc60 WatcherThread "VM Periodic Task Thread" [stack: 0x000000016e024000,0x000000016e227000] [id=40963]
  0x000000013ae06600 WorkerThread "GC Thread#0" [stack: 0x000000016bc40000,0x000000016be43000] [id=12035]
  0x000000015ae2c250 WorkerThread "GC Thread#1" [stack: 0x000000016ed84000,0x000000016ef87000] [id=55827]
  0x000000015ae2c6c0 WorkerThread "GC Thread#2" [stack: 0x000000016ef90000,0x000000016f193000] [id=70659]
  0x000000015ae2cb30 WorkerThread "GC Thread#3" [stack: 0x000000016f19c000,0x000000016f39f000] [id=56835]
  0x000000015ae2d390 WorkerThread "GC Thread#4" [stack: 0x000000016f3a8000,0x000000016f5ab000] [id=70403]
  0x000000014ae258f0 WorkerThread "GC Thread#5" [stack: 0x000000016f5b4000,0x000000016f7b7000] [id=69891]
  0x000000014ae31b30 WorkerThread "GC Thread#6" [stack: 0x000000016fde4000,0x000000016ffe7000] [id=77583]
  0x000000014ae31dd0 WorkerThread "GC Thread#7" [stack: 0x0000000290004000,0x0000000290207000] [id=64783]
  0x000000013ae06ca0 ConcurrentGCThread "G1 Main Marker" [stack: 0x000000016be4c000,0x000000016c04f000] [id=19203]
  0x000000013ae07510 WorkerThread "G1 Conc#0" [stack: 0x000000016c058000,0x000000016c25b000] [id=12803]
  0x000000012ae57520 WorkerThread "G1 Conc#1" [stack: 0x0000000290628000,0x000000029082b000] [id=62979]
  0x000000013ae14370 ConcurrentGCThread "G1 Refine#0" [stack: 0x000000016c264000,0x000000016c467000] [id=13315]
  0x000000012ae422d0 ConcurrentGCThread "G1 Refine#1" [stack: 0x000000016f7c0000,0x000000016f9c3000] [id=57603]
  0x000000013ae14bf0 ConcurrentGCThread "G1 Service" [stack: 0x000000016c470000,0x000000016c673000] [id=13571]

Threads with active compile tasks:

VM state: not at safepoint (normal execution)

VM Mutex/Monitor currently owned by a thread: None

Heap address: 0x0000000780000000, size: 2048 MB, Compressed Oops mode: Zero based, Oop shift amount: 3

CDS archive(s) mapped at: [0x0000000800000000-0x0000000800ba8000-0x0000000800ba8000), size 12222464, SharedBaseAddress: 0x0000000800000000, ArchiveRelocationMode: 0.
Compressed class space mapped at: 0x0000000800c00000-0x0000000840c00000, reserved size: 1073741824
Narrow klass base: 0x0000000800000000, Narrow klass shift: 0, Narrow klass range: 0x100000000

GC Precious Log:
 CardTable entry size: 512
 Card Set container configuration: InlinePtr #cards 5 size 8 Array Of Cards #cards 12 size 40 Howl #buckets 4 coarsen threshold 1843 Howl Bitmap #cards 512 size 80 coarsen threshold 460 Card regions per heap region 1 cards per card region 2048
 CPUs: 8 total, 8 available
 Memory: 8192M
 Large Page Support: Disabled
 NUMA Support: Disabled
 Compressed Oops: Enabled (Zero based)
 Heap Region Size: 1M
 Heap Min Capacity: 8M
 Heap Initial Capacity: 128M
 Heap Max Capacity: 2G
 Pre-touch: Disabled
 Parallel Workers: 8
 Concurrent Workers: 2
 Concurrent Refinement Workers: 8
 Periodic GC: Disabled

Heap:
 garbage-first heap   total 67584K, used 45207K [0x0000000780000000, 0x0000000800000000)
  region size 1024K, 28 young (28672K), 2 survivors (2048K)
 Metaspace       used 41784K, committed 42368K, reserved 1114112K
  class space    used 5945K, committed 6208K, reserved 1048576K

Heap Regions: E=young(eden), S=young(survivor), O=old, HS=humongous(starts), HC=humongous(continues), CS=collection set, F=free, OA=open archive, CA=closed archive, TAMS=top-at-mark-start (previous, next)
|   0|0x0000000780000000, 0x0000000780100000, 0x0000000780100000|100%|HS|  |TAMS 0x0000000780100000, 0x0000000780000000| Complete 
|   1|0x0000000780100000, 0x0000000780200000, 0x0000000780200000|100%| O|  |TAMS 0x0000000780200000, 0x0000000780100000| Untracked 
|   2|0x0000000780200000, 0x0000000780300000, 0x0000000780300000|100%| O|  |TAMS 0x0000000780300000, 0x0000000780200000| Untracked 
|   3|0x0000000780300000, 0x0000000780400000, 0x0000000780400000|100%| O|  |TAMS 0x0000000780400000, 0x0000000780300000| Untracked 
|   4|0x0000000780400000, 0x0000000780500000, 0x0000000780500000|100%| O|  |TAMS 0x0000000780500000, 0x0000000780400000| Untracked 
|   5|0x0000000780500000, 0x0000000780600000, 0x0000000780600000|100%| O|  |TAMS 0x0000000780600000, 0x0000000780500000| Untracked 
|   6|0x0000000780600000, 0x0000000780700000, 0x0000000780700000|100%| O|  |TAMS 0x0000000780700000, 0x0000000780600000| Untracked 
|   7|0x0000000780700000, 0x00000007807ac000, 0x0000000780800000| 67%| O|  |TAMS 0x00000007807ac000, 0x0000000780700000| Untracked 
|   8|0x0000000780800000, 0x0000000780900000, 0x0000000780900000|100%| O|  |TAMS 0x0000000780800000, 0x0000000780800000| Untracked 
|   9|0x0000000780900000, 0x0000000780a00000, 0x0000000780a00000|100%| O|  |TAMS 0x0000000780900000, 0x0000000780900000| Untracked 
|  10|0x0000000780a00000, 0x0000000780b00000, 0x0000000780b00000|100%| O|  |TAMS 0x0000000780a00000, 0x0000000780a00000| Untracked 
|  11|0x0000000780b00000, 0x0000000780c00000, 0x0000000780c00000|100%| O|  |TAMS 0x0000000780b00000, 0x0000000780b00000| Untracked 
|  12|0x0000000780c00000, 0x0000000780d00000, 0x0000000780d00000|100%| O|  |TAMS 0x0000000780c00000, 0x0000000780c00000| Untracked 
|  13|0x0000000780d00000, 0x0000000780e00000, 0x0000000780e00000|100%| O|  |TAMS 0x0000000780d00000, 0x0000000780d00000| Untracked 
|  14|0x0000000780e00000, 0x0000000780f00000, 0x0000000780f00000|100%| O|  |TAMS 0x0000000780e00000, 0x0000000780e00000| Untracked 
|  15|0x0000000780f00000, 0x0000000780f91e00, 0x0000000781000000| 56%| O|  |TAMS 0x0000000780f00000, 0x0000000780f00000| Untracked 
|  16|0x0000000781000000, 0x0000000781100000, 0x0000000781100000|100%|HS|  |TAMS 0x0000000781000000, 0x0000000781000000| Complete 
|  17|0x0000000781100000, 0x0000000781200000, 0x0000000781200000|100%|HC|  |TAMS 0x0000000781100000, 0x0000000781100000| Complete 
|  18|0x0000000781200000, 0x0000000781200000, 0x0000000781300000|  0%| F|  |TAMS 0x0000000781200000, 0x0000000781200000| Untracked 
|  19|0x0000000781300000, 0x0000000781300000, 0x0000000781400000|  0%| F|  |TAMS 0x0000000781300000, 0x0000000781300000| Untracked 
|  20|0x0000000781400000, 0x0000000781400000, 0x0000000781500000|  0%| F|  |TAMS 0x0000000781400000, 0x0000000781400000| Untracked 
|  21|0x0000000781500000, 0x0000000781500000, 0x0000000781600000|  0%| F|  |TAMS 0x0000000781500000, 0x0000000781500000| Untracked 
|  22|0x0000000781600000, 0x0000000781600000, 0x0000000781700000|  0%| F|  |TAMS 0x0000000781600000, 0x0000000781600000| Untracked 
|  23|0x0000000781700000, 0x0000000781700000, 0x0000000781800000|  0%| F|  |TAMS 0x0000000781700000, 0x0000000781700000| Untracked 
|  24|0x0000000781800000, 0x0000000781800000, 0x0000000781900000|  0%| F|  |TAMS 0x0000000781800000, 0x0000000781800000| Untracked 
|  25|0x0000000781900000, 0x0000000781900000, 0x0000000781a00000|  0%| F|  |TAMS 0x0000000781900000, 0x0000000781900000| Untracked 
|  26|0x0000000781a00000, 0x0000000781a00000, 0x0000000781b00000|  0%| F|  |TAMS 0x0000000781a00000, 0x0000000781a00000| Untracked 
|  27|0x0000000781b00000, 0x0000000781b00000, 0x0000000781c00000|  0%| F|  |TAMS 0x0000000781b00000, 0x0000000781b00000| Untracked 
|  28|0x0000000781c00000, 0x0000000781c00000, 0x0000000781d00000|  0%| F|  |TAMS 0x0000000781c00000, 0x0000000781c00000| Untracked 
|  29|0x0000000781d00000, 0x0000000781d00000, 0x0000000781e00000|  0%| F|  |TAMS 0x0000000781d00000, 0x0000000781d00000| Untracked 
|  30|0x0000000781e00000, 0x0000000781e00000, 0x0000000781f00000|  0%| F|  |TAMS 0x0000000781e00000, 0x0000000781e00000| Untracked 
|  31|0x0000000781f00000, 0x0000000782000000, 0x0000000782000000|100%| S|CS|TAMS 0x0000000781f00000, 0x0000000781f00000| Complete 
|  32|0x0000000782000000, 0x0000000782100000, 0x0000000782100000|100%| S|CS|TAMS 0x0000000782000000, 0x0000000782000000| Complete 
|  33|0x0000000782100000, 0x0000000782100000, 0x0000000782200000|  0%| F|  |TAMS 0x0000000782100000, 0x0000000782100000| Untracked 
|  34|0x0000000782200000, 0x0000000782200000, 0x0000000782300000|  0%| F|  |TAMS 0x0000000782200000, 0x0000000782200000| Untracked 
|  35|0x0000000782300000, 0x0000000782300000, 0x0000000782400000|  0%| F|  |TAMS 0x0000000782300000, 0x0000000782300000| Untracked 
|  36|0x0000000782400000, 0x0000000782400000, 0x0000000782500000|  0%| F|  |TAMS 0x0000000782400000, 0x0000000782400000| Untracked 
|  37|0x0000000782500000, 0x0000000782500000, 0x0000000782600000|  0%| F|  |TAMS 0x0000000782500000, 0x0000000782500000| Untracked 
|  38|0x0000000782600000, 0x00000007826f7288, 0x0000000782700000| 96%| E|  |TAMS 0x0000000782600000, 0x0000000782600000| Complete 
|  39|0x0000000782700000, 0x0000000782800000, 0x0000000782800000|100%| E|CS|TAMS 0x0000000782700000, 0x0000000782700000| Complete 
|  40|0x0000000782800000, 0x0000000782900000, 0x0000000782900000|100%| E|CS|TAMS 0x0000000782800000, 0x0000000782800000| Complete 
|  41|0x0000000782900000, 0x0000000782a00000, 0x0000000782a00000|100%| E|CS|TAMS 0x0000000782900000, 0x0000000782900000| Complete 
|  42|0x0000000782a00000, 0x0000000782b00000, 0x0000000782b00000|100%| E|CS|TAMS 0x0000000782a00000, 0x0000000782a00000| Complete 
|  43|0x0000000782b00000, 0x0000000782c00000, 0x0000000782c00000|100%| E|CS|TAMS 0x0000000782b00000, 0x0000000782b00000| Complete 
|  44|0x0000000782c00000, 0x0000000782d00000, 0x0000000782d00000|100%| E|CS|TAMS 0x0000000782c00000, 0x0000000782c00000| Complete 
|  45|0x0000000782d00000, 0x0000000782e00000, 0x0000000782e00000|100%| E|CS|TAMS 0x0000000782d00000, 0x0000000782d00000| Complete 
|  46|0x0000000782e00000, 0x0000000782f00000, 0x0000000782f00000|100%| E|CS|TAMS 0x0000000782e00000, 0x0000000782e00000| Complete 
|  47|0x0000000782f00000, 0x0000000783000000, 0x0000000783000000|100%| E|CS|TAMS 0x0000000782f00000, 0x0000000782f00000| Complete 
|  48|0x0000000783000000, 0x0000000783100000, 0x0000000783100000|100%| E|CS|TAMS 0x0000000783000000, 0x0000000783000000| Complete 
|  49|0x0000000783100000, 0x0000000783200000, 0x0000000783200000|100%| E|CS|TAMS 0x0000000783100000, 0x0000000783100000| Complete 
|  50|0x0000000783200000, 0x0000000783300000, 0x0000000783300000|100%| E|CS|TAMS 0x0000000783200000, 0x0000000783200000| Complete 
|  51|0x0000000783300000, 0x0000000783400000, 0x0000000783400000|100%| E|CS|TAMS 0x0000000783300000, 0x0000000783300000| Complete 
|  52|0x0000000783400000, 0x0000000783500000, 0x0000000783500000|100%| E|CS|TAMS 0x0000000783400000, 0x0000000783400000| Complete 
|  53|0x0000000783500000, 0x0000000783600000, 0x0000000783600000|100%| E|CS|TAMS 0x0000000783500000, 0x0000000783500000| Complete 
|  54|0x0000000783600000, 0x0000000783700000, 0x0000000783700000|100%| E|CS|TAMS 0x0000000783600000, 0x0000000783600000| Complete 
|  55|0x0000000783700000, 0x0000000783800000, 0x0000000783800000|100%| E|CS|TAMS 0x0000000783700000, 0x0000000783700000| Complete 
|  56|0x0000000783800000, 0x0000000783900000, 0x0000000783900000|100%| E|CS|TAMS 0x0000000783800000, 0x0000000783800000| Complete 
|  79|0x0000000784f00000, 0x0000000785000000, 0x0000000785000000|100%| E|CS|TAMS 0x0000000784f00000, 0x0000000784f00000| Complete 
|  80|0x0000000785000000, 0x0000000785100000, 0x0000000785100000|100%| E|CS|TAMS 0x0000000785000000, 0x0000000785000000| Complete 
|  81|0x0000000785100000, 0x0000000785200000, 0x0000000785200000|100%| E|CS|TAMS 0x0000000785100000, 0x0000000785100000| Complete 
|  82|0x0000000785200000, 0x0000000785300000, 0x0000000785300000|100%| E|CS|TAMS 0x0000000785200000, 0x0000000785200000| Complete 
|  83|0x0000000785300000, 0x0000000785400000, 0x0000000785400000|100%| E|  |TAMS 0x0000000785300000, 0x0000000785300000| Complete 
|  84|0x0000000785400000, 0x0000000785500000, 0x0000000785500000|100%| E|CS|TAMS 0x0000000785400000, 0x0000000785400000| Complete 
| 127|0x0000000787f00000, 0x0000000788000000, 0x0000000788000000|100%| E|CS|TAMS 0x0000000787f00000, 0x0000000787f00000| Complete 
|2046|0x00000007ffe00000, 0x00000007ffe74000, 0x00000007fff00000| 45%|OA|  |TAMS 0x00000007ffe74000, 0x00000007ffe00000| Untracked 
|2047|0x00000007fff00000, 0x00000007fff74000, 0x0000000800000000| 45%|CA|  |TAMS 0x00000007fff74000, 0x00000007fff00000| Untracked 

Card table byte_map: [0x0000000104cd0000,0x00000001050d0000] _byte_map_base: 0x00000001010d0000

Marking Bits (Prev, Next): (CMBitMap*) 0x000000014b813c10, (CMBitMap*) 0x000000014b813c50
 Prev Bits: [0x0000000111080000, 0x0000000113080000)
 Next Bits: [0x0000000113080000, 0x0000000115080000)

Polling page: 0x00000001045dc000

Metaspace:

Usage:
  Non-class:     35.00 MB used.
      Class:      5.81 MB used.
       Both:     40.80 MB used.

Virtual space:
  Non-class space:       64.00 MB reserved,      35.31 MB ( 55%) committed,  1 nodes.
      Class space:        1.00 GB reserved,       6.06 MB ( <1%) committed,  1 nodes.
             Both:        1.06 GB reserved,      41.38 MB (  4%) committed. 

Chunk freelists:
   Non-Class:  112.00 KB
       Class:  1.91 MB
        Both:  2.02 MB

MaxMetaspaceSize: unlimited
CompressedClassSpaceSize: 1.00 GB
Initial GC threshold: 21.00 MB
Current GC threshold: 59.19 MB
CDS: on
MetaspaceReclaimPolicy: balanced
 - commit_granule_bytes: 65536.
 - commit_granule_words: 8192.
 - virtual_space_node_default_size: 8388608.
 - enlarge_chunks_in_place: 1.
 - new_chunks_are_fully_committed: 0.
 - uncommit_free_chunks: 1.
 - use_allocation_guard: 0.


Internal statistics:

num_allocs_failed_limit: 6.
num_arena_births: 652.
num_arena_deaths: 0.
num_vsnodes_births: 2.
num_vsnodes_deaths: 0.
num_space_committed: 662.
num_space_uncommitted: 0.
num_chunks_returned_to_freelist: 6.
num_chunks_taken_from_freelist: 2101.
num_chunk_merges: 6.
num_chunk_splits: 1499.
num_chunks_enlarged: 1173.
num_inconsistent_stats: 0.

CodeCache: size=49152Kb used=8649Kb max_used=8649Kb free=40502Kb
 bounds [0x000000010e080000, 0x000000010e900000, 0x0000000111080000]
 total_blobs=5713 nmethods=4819 adapters=825
 compilation: enabled
              stopped_count=0, restarted_count=0
 full_count=0

Compilation events (20 events):
Event: 13.147 Thread 0x000000014b00ce00 4973       1       java.rmi.server.RMIClassLoader$2::loadClass (7 bytes)
Event: 13.147 Thread 0x000000014b00ce00 nmethod 4973 0x000000010e8ef510 code [0x000000010e8ef6c0, 0x000000010e8ef7b8]
Event: 13.340 Thread 0x000000014b00ce00 4975       1       com.sun.prism.impl.BaseGraphics::getRenderTarget (5 bytes)
Event: 13.341 Thread 0x000000014b00ce00 nmethod 4975 0x000000010e8efc10 code [0x000000010e8efd80, 0x000000010e8efe18]
Event: 13.341 Thread 0x000000014b00ce00 4976       1       com.sun.javafx.geom.Path2D::needRoom (94 bytes)
Event: 13.342 Thread 0x000000014b00ce00 nmethod 4976 0x000000010e8eff10 code [0x000000010e8f00c0, 0x000000010e8f0438]
Event: 13.342 Thread 0x000000014b00ce00 4977       1       com.sun.prism.impl.BaseContext::getVertexBuffer (5 bytes)
Event: 13.343 Thread 0x000000014b00ce00 nmethod 4977 0x000000010e8f0610 code [0x000000010e8f0780, 0x000000010e8f0818]
Event: 13.343 Thread 0x000000014b00ce00 4981       1       com.sun.javafx.geom.transform.AffineBase::isTranslateOrIdentity (22 bytes)
Event: 13.344 Thread 0x000000014b00ce00 nmethod 4981 0x000000010e8f0910 code [0x000000010e8f0ac0, 0x000000010e8f0c58]
Event: 13.344 Thread 0x000000014b00ce00 4982       1       com.sun.prism.impl.ManagedResource::getResource (9 bytes)
Event: 13.344 Thread 0x000000014b00ce00 nmethod 4982 0x000000010e8f0d10 code [0x000000010e8f0ec0, 0x000000010e8f1038]
Event: 13.344 Thread 0x000000014b00ce00 4980       1       com.sun.javafx.sg.prism.NGNode::getOpacity (5 bytes)
Event: 13.344 Thread 0x000000014b00ce00 nmethod 4980 0x000000010e8f1110 code [0x000000010e8f1280, 0x000000010e8f1318]
Event: 13.344 Thread 0x000000014b00ce00 4978       1       com.sun.javafx.geom.transform.BaseTransform::getMxx (2 bytes)
Event: 13.344 Thread 0x000000014b00ce00 nmethod 4978 0x000000010e8f1410 code [0x000000010e8f1580, 0x000000010e8f1658]
Event: 13.345 Thread 0x000000014b00ce00 4979       1       com.sun.javafx.geom.transform.BaseTransform::getMyx (2 bytes)
Event: 13.345 Thread 0x000000014b00ce00 nmethod 4979 0x000000010e8f1710 code [0x000000010e8f1880, 0x000000010e8f1958]
Event: 13.345 Thread 0x000000014b00ce00 4983       1       com.sun.prism.impl.BaseGraphics::isDepthBuffer (5 bytes)
Event: 13.345 Thread 0x000000014b00ce00 nmethod 4983 0x000000010e8f1a10 code [0x000000010e8f1b80, 0x000000010e8f1c18]

GC Heap History (10 events):
Event: 1.126 GC heap before
{Heap before GC invocations=0 (full 0):
 garbage-first heap   total 133120K, used 24480K [0x0000000780000000, 0x0000000800000000)
  region size 1024K, 23 young (23552K), 0 survivors (0K)
 Metaspace       used 8096K, committed 8384K, reserved 1114112K
  class space    used 950K, committed 1088K, reserved 1048576K
}
Event: 1.137 GC heap after
{Heap after GC invocations=1 (full 0):
 garbage-first heap   total 133120K, used 8879K [0x0000000780000000, 0x0000000800000000)
  region size 1024K, 3 young (3072K), 3 survivors (3072K)
 Metaspace       used 8096K, committed 8384K, reserved 1114112K
  class space    used 950K, committed 1088K, reserved 1048576K
}
Event: 1.428 GC heap before
{Heap before GC invocations=1 (full 0):
 garbage-first heap   total 133120K, used 38575K [0x0000000780000000, 0x0000000800000000)
  region size 1024K, 32 young (32768K), 3 survivors (3072K)
 Metaspace       used 14159K, committed 14464K, reserved 1114112K
  class space    used 1843K, committed 1984K, reserved 1048576K
}
Event: 1.431 GC heap after
{Heap after GC invocations=2 (full 0):
 garbage-first heap   total 133120K, used 11292K [0x0000000780000000, 0x0000000800000000)
  region size 1024K, 3 young (3072K), 3 survivors (3072K)
 Metaspace       used 14159K, committed 14464K, reserved 1114112K
  class space    used 1843K, committed 1984K, reserved 1048576K
}
Event: 1.909 GC heap before
{Heap before GC invocations=2 (full 0):
 garbage-first heap   total 133120K, used 51228K [0x0000000780000000, 0x0000000800000000)
  region size 1024K, 43 young (44032K), 3 survivors (3072K)
 Metaspace       used 21206K, committed 21504K, reserved 1114112K
  class space    used 2879K, committed 3008K, reserved 1048576K
}
Event: 1.915 GC heap after
{Heap after GC invocations=3 (full 0):
 garbage-first heap   total 133120K, used 13965K [0x0000000780000000, 0x0000000800000000)
  region size 1024K, 6 young (6144K), 6 survivors (6144K)
 Metaspace       used 21206K, committed 21504K, reserved 1114112K
  class space    used 2879K, committed 3008K, reserved 1048576K
}
Event: 2.629 GC heap before
{Heap before GC invocations=4 (full 0):
 garbage-first heap   total 58368K, used 55949K [0x0000000780000000, 0x0000000800000000)
  region size 1024K, 47 young (48128K), 6 survivors (6144K)
 Metaspace       used 31273K, committed 31616K, reserved 1114112K
  class space    used 4358K, committed 4544K, reserved 1048576K
}
Event: 2.647 GC heap after
{Heap after GC invocations=5 (full 0):
 garbage-first heap   total 67584K, used 17388K [0x0000000780000000, 0x0000000800000000)
  region size 1024K, 9 young (9216K), 9 survivors (9216K)
 Metaspace       used 31273K, committed 31616K, reserved 1114112K
  class space    used 4358K, committed 4544K, reserved 1048576K
}
Event: 9.949 GC heap before
{Heap before GC invocations=5 (full 0):
 garbage-first heap   total 67584K, used 38892K [0x0000000780000000, 0x0000000800000000)
  region size 1024K, 31 young (31744K), 9 survivors (9216K)
 Metaspace       used 35774K, committed 36160K, reserved 1114112K
  class space    used 4944K, committed 5120K, reserved 1048576K
}
Event: 9.956 GC heap after
{Heap after GC invocations=6 (full 0):
 garbage-first heap   total 67584K, used 18583K [0x0000000780000000, 0x0000000800000000)
  region size 1024K, 2 young (2048K), 2 survivors (2048K)
 Metaspace       used 35774K, committed 36160K, reserved 1114112K
  class space    used 4944K, committed 5120K, reserved 1048576K
}

Deoptimization events (20 events):
Event: 1.813 Thread 0x000000013b010800 DEOPT PACKING pc=0x000000010e4a0afc sp=0x000000016e42c290
Event: 1.813 Thread 0x000000013b010800 DEOPT UNPACKING pc=0x000000010e0beb7c sp=0x000000016e42bff0 mode 3
Event: 1.823 Thread 0x000000013b010800 DEOPT PACKING pc=0x000000010e5e9c80 sp=0x000000016e42fe80
Event: 1.823 Thread 0x000000013b010800 DEOPT UNPACKING pc=0x000000010e0beb7c sp=0x000000016e42fb90 mode 3
Event: 1.828 Thread 0x000000013b010800 DEOPT PACKING pc=0x000000010e5a2f70 sp=0x000000016e431040
Event: 1.828 Thread 0x000000013b010800 DEOPT UNPACKING pc=0x000000010e0beb7c sp=0x000000016e430d80 mode 3
Event: 2.080 Thread 0x000000013b010800 DEOPT PACKING pc=0x000000010e2f0ab0 sp=0x000000016e430330
Event: 2.080 Thread 0x000000013b010800 DEOPT UNPACKING pc=0x000000010e0beb7c sp=0x000000016e4300a0 mode 3
Event: 9.844 Thread 0x000000013b010800 DEOPT PACKING pc=0x000000010e5c5e5c sp=0x000000016e4312a0
Event: 9.844 Thread 0x000000013b010800 DEOPT UNPACKING pc=0x000000010e0beb7c sp=0x000000016e430f90 mode 3
Event: 9.907 Thread 0x000000013b010800 DEOPT PACKING pc=0x000000010e18edf0 sp=0x000000016e431440
Event: 9.907 Thread 0x000000013b010800 DEOPT UNPACKING pc=0x000000010e0beb7c sp=0x000000016e431120 mode 3
Event: 10.060 Thread 0x000000013b18a600 DEOPT PACKING pc=0x000000010e4f54e0 sp=0x0000000291265f30
Event: 10.060 Thread 0x000000013b18a600 DEOPT UNPACKING pc=0x000000010e0beb7c sp=0x0000000291265c80 mode 3
Event: 10.063 Thread 0x000000015b37be00 DEOPT PACKING pc=0x000000010e590558 sp=0x0000000291058dc0
Event: 10.063 Thread 0x000000015b37be00 DEOPT UNPACKING pc=0x000000010e0beb7c sp=0x0000000291058a70 mode 3
Event: 10.220 Thread 0x000000013b00b400 DEOPT PACKING pc=0x000000010e666fdc sp=0x000000016b99fed0
Event: 10.220 Thread 0x000000013b00b400 DEOPT UNPACKING pc=0x000000010e0beb7c sp=0x000000016b99fc40 mode 3
Event: 10.255 Thread 0x000000013b00b400 DEOPT PACKING pc=0x000000010e87795c sp=0x000000016b9a0430
Event: 10.255 Thread 0x000000013b00b400 DEOPT UNPACKING pc=0x000000010e0beb7c sp=0x000000016b9a00e0 mode 3

Classes loaded (20 events):
Event: 10.343 Loading class java/util/EnumMap$Values
Event: 10.343 Loading class java/util/EnumMap$Values done
Event: 10.343 Loading class java/util/EnumMap$ValueIterator
Event: 10.343 Loading class java/util/EnumMap$EnumMapIterator
Event: 10.343 Loading class java/util/EnumMap$EnumMapIterator done
Event: 10.343 Loading class java/util/EnumMap$ValueIterator done
Event: 10.362 Loading class java/nio/DirectShortBufferU
Event: 10.362 Loading class java/nio/ShortBuffer
Event: 10.362 Loading class java/nio/ShortBuffer done
Event: 10.362 Loading class java/nio/DirectShortBufferU done
Event: 10.545 Loading class java/nio/FloatBuffer
Event: 10.545 Loading class java/nio/FloatBuffer done
Event: 10.545 Loading class java/nio/DoubleBuffer
Event: 10.545 Loading class java/nio/DoubleBuffer done
Event: 10.548 Loading class jdk/internal/ref/CleanerImpl$InnocuousThreadFactory
Event: 10.548 Loading class jdk/internal/ref/CleanerImpl$InnocuousThreadFactory done
Event: 10.550 Loading class sun/misc/Unsafe
Event: 10.550 Loading class sun/misc/Unsafe done
Event: 10.569 Loading class java/nio/DirectFloatBufferU
Event: 10.569 Loading class java/nio/DirectFloatBufferU done

Classes unloaded (0 events):
No events

Classes redefined (0 events):
No events

Internal exceptions (20 events):
Event: 2.427 Thread 0x000000013b010800 Exception <a 'java/lang/NoSuchMethodError'{0x0000000780e54110}: 'void java.lang.invoke.DelegatingMethodHandle$Holder.reinvoke_L(java.lang.Object, java.lang.Object, long)'> (0x0000000780e54110) 
thrown [open/src/hotspot/share/interpreter/linkResolver.cpp, line 766]
Event: 2.427 Thread 0x000000013b010800 Exception <a 'java/lang/NoSuchMethodError'{0x0000000780e5b018}: 'long java.lang.invoke.Invokers$Holder.invokeExact_MT(java.lang.Object, java.lang.Object, java.lang.Object)'> (0x0000000780e5b018) 
thrown [open/src/hotspot/share/interpreter/linkResolver.cpp, line 766]
Event: 2.673 Thread 0x000000013b010800 Exception <a 'java/lang/NoSuchMethodError'{0x0000000785335388}: 'java.lang.Object java.lang.invoke.DirectMethodHandle$Holder.invokeStaticInit(java.lang.Object, java.lang.Object, java.lang.Object, java.lang.Object, int, int)'> (0x0000000785335388) 
thrown [open/src/hotspot/share/interpreter/linkResolver.cpp, line 766]
Event: 9.848 Thread 0x000000013b010800 Exception <a 'java/lang/NoSuchMethodError'{0x0000000782a4d250}: 'void java.lang.invoke.Invokers$Holder.invokeExact_MT(java.lang.Object, java.lang.Object, java.lang.Object, java.lang.Object)'> (0x0000000782a4d250) 
thrown [open/src/hotspot/share/interpreter/linkResolver.cpp, line 766]
Event: 9.918 Thread 0x000000013b010800 Exception <a 'java/lang/NoSuchMethodError'{0x00000007824f8650}: 'int java.lang.invoke.DirectMethodHandle$Holder.invokeInterface(java.lang.Object, java.lang.Object, java.lang.Object, java.lang.Object)'> (0x00000007824f8650) 
thrown [open/src/hotspot/share/interpreter/linkResolver.cpp, line 766]
Event: 9.959 Thread 0x000000013b00b400 Exception <a 'java/lang/NullPointerException'{0x0000000787f3f0f0}> (0x0000000787f3f0f0) 
thrown [open/src/hotspot/share/interpreter/linkResolver.cpp, line 1357]
Event: 9.973 Thread 0x000000013b00b400 Exception <a 'java/lang/NoSuchMethodError'{0x0000000785324740}: 'java.lang.Object java.lang.invoke.Invokers$Holder.linkToTargetMethod(java.lang.Object, int, java.lang.Object, java.lang.Object)'> (0x0000000785324740) 
thrown [open/src/hotspot/share/interpreter/linkResolver.cpp, line 766]
Event: 10.055 Thread 0x000000013b00b400 Exception <a 'java/lang/NoSuchMethodError'{0x00000007838b2018}: 'double java.lang.invoke.DelegatingMethodHandle$Holder.reinvoke_L(java.lang.Object, java.lang.Object, int)'> (0x00000007838b2018) 
thrown [open/src/hotspot/share/interpreter/linkResolver.cpp, line 766]
Event: 10.056 Thread 0x000000013b00b400 Exception <a 'java/lang/NoSuchMethodError'{0x00000007838bc5a8}: 'java.lang.Object java.lang.invoke.DelegatingMethodHandle$Holder.reinvoke_L(java.lang.Object, double, double, double, double)'> (0x00000007838bc5a8) 
thrown [open/src/hotspot/share/interpreter/linkResolver.cpp, line 766]
Event: 10.059 Thread 0x000000013b18a600 Exception <a 'java/lang/NoSuchMethodError'{0x00000007837466c8}: 'java.lang.Object java.lang.invoke.DirectMethodHandle$Holder.invokeInterface(java.lang.Object, java.lang.Object, java.lang.Object, java.lang.Object, java.lang.Object, java.lang.Object, java.lang.Object)'> (0x00000007837466c8) 
thrown [open/src/hotspot/share/interpreter/linkResolver.cpp, line 766]
Event: 10.066 Thread 0x000000013b00b400 Exception <a 'java/lang/NoSuchMethodError'{0x000000078361fa58}: 'void java.lang.invoke.DirectMethodHandle$Holder.invokeSpecial(java.lang.Object, java.lang.Object, double)'> (0x000000078361fa58) 
thrown [open/src/hotspot/share/interpreter/linkResolver.cpp, line 766]
Event: 10.066 Thread 0x000000013b00b400 Exception <a 'java/lang/NoSuchMethodError'{0x0000000783626eb0}: 'void java.lang.invoke.DelegatingMethodHandle$Holder.reinvoke_L(java.lang.Object, java.lang.Object, double)'> (0x0000000783626eb0) 
thrown [open/src/hotspot/share/interpreter/linkResolver.cpp, line 766]
Event: 10.069 Thread 0x000000013b00b400 Exception <a 'java/lang/NoSuchMethodError'{0x0000000783659458}: 'void java.lang.invoke.DirectMethodHandle$Holder.invokeSpecial(java.lang.Object, java.lang.Object, int)'> (0x0000000783659458) 
thrown [open/src/hotspot/share/interpreter/linkResolver.cpp, line 766]
Event: 10.072 Thread 0x000000013b00b400 Exception <a 'java/lang/NoSuchMethodError'{0x0000000783682f60}: 'java.lang.Object java.lang.invoke.DirectMethodHandle$Holder.newInvokeSpecial(java.lang.Object, double)'> (0x0000000783682f60) 
thrown [open/src/hotspot/share/interpreter/linkResolver.cpp, line 766]
Event: 10.223 Thread 0x000000013b00b400 Exception <a 'java/lang/IncompatibleClassChangeError'{0x0000000783045248}: Found class java.lang.Object, but interface was expected> (0x0000000783045248) 
thrown [open/src/hotspot/share/interpreter/linkResolver.cpp, line 833]
Event: 10.263 Thread 0x000000013b00b400 Exception <a 'java/lang/NoSuchMethodError'{0x0000000782ba0508}: 'int java.lang.invoke.DirectMethodHandle$Holder.invokeSpecial(java.lang.Object, java.lang.Object, int)'> (0x0000000782ba0508) 
thrown [open/src/hotspot/share/interpreter/linkResolver.cpp, line 766]
Event: 10.282 Thread 0x000000013b00b400 Exception <a 'java/lang/NoSuchMethodError'{0x0000000782bd75e8}: 'java.lang.Object java.lang.invoke.DirectMethodHandle$Holder.newInvokeSpecial(java.lang.Object, java.lang.Object, int)'> (0x0000000782bd75e8) 
thrown [open/src/hotspot/share/interpreter/linkResolver.cpp, line 766]
Event: 10.354 Thread 0x000000013b00b400 Exception <a 'java/lang/NoSuchMethodError'{0x0000000782afaa00}: 'long java.lang.invoke.DirectMethodHandle$Holder.invokeStatic(java.lang.Object, java.lang.Object, java.lang.Object)'> (0x0000000782afaa00) 
thrown [open/src/hotspot/share/interpreter/linkResolver.cpp, line 766]
Event: 10.355 Thread 0x000000013b00b400 Exception <a 'java/lang/NoSuchMethodError'{0x0000000782afe070}: 'long java.lang.invoke.DirectMethodHandle$Holder.invokeStaticInit(java.lang.Object, java.lang.Object, java.lang.Object)'> (0x0000000782afe070) 
thrown [open/src/hotspot/share/interpreter/linkResolver.cpp, line 766]
Event: 10.355 Thread 0x000000013b00b400 Exception <a 'java/lang/NoSuchMethodError'{0x00000007829da228}: 'java.lang.Object java.lang.invoke.DirectMethodHandle$Holder.newInvokeSpecial(java.lang.Object, java.lang.Object, long)'> (0x00000007829da228) 
thrown [open/src/hotspot/share/interpreter/linkResolver.cpp, line 766]

VM Operations (20 events):
Event: 9.845 Executing VM operation: HandshakeAllThreads
Event: 9.845 Executing VM operation: HandshakeAllThreads done
Event: 9.888 Executing VM operation: HandshakeAllThreads
Event: 9.888 Executing VM operation: HandshakeAllThreads done
Event: 9.949 Executing VM operation: CollectForMetadataAllocation
Event: 9.956 Executing VM operation: CollectForMetadataAllocation done
Event: 9.960 Executing VM operation: G1Concurrent
Event: 9.961 Executing VM operation: G1Concurrent done
Event: 9.965 Executing VM operation: G1Concurrent
Event: 9.965 Executing VM operation: G1Concurrent done
Event: 10.241 Executing VM operation: HandshakeAllThreads
Event: 10.241 Executing VM operation: HandshakeAllThreads done
Event: 10.335 Executing VM operation: ICBufferFull
Event: 10.335 Executing VM operation: ICBufferFull done
Event: 11.340 Executing VM operation: Cleanup
Event: 11.340 Executing VM operation: Cleanup done
Event: 12.341 Executing VM operation: Cleanup
Event: 12.341 Executing VM operation: Cleanup done
Event: 13.344 Executing VM operation: Cleanup
Event: 13.344 Executing VM operation: Cleanup done

Events (20 events):
Event: 9.975 Thread 0x000000013b016c00 Thread added: 0x000000013b016c00
Event: 9.975 Protecting memory [0x0000000290a40000,0x0000000290a4c000] with protection modes 0
Event: 9.987 Loading shared library /Users/saroz/.m2/repository/org/openjfx/javafx-graphics/17.0.1/libjavafx_font.dylib failed, dlopen(/Users/saroz/.m2/repository/org/openjfx/javafx-graphics/17.0.1/libjavafx_font.dylib, 0x0001): tried: '/Users/saroz/.m2/repository/org
Event: 9.988 Thread 0x000000013b18a600 Thread added: 0x000000013b18a600
Event: 9.988 Protecting memory [0x0000000291064000,0x0000000291070000] with protection modes 0
Event: 9.988 Protecting memory [0x0000000290a40000,0x0000000290a4c000] with protection modes 3
Event: 9.988 Thread 0x000000013b016c00 Thread exited: 0x000000013b016c00
Event: 9.988 Thread 0x000000014b874a00 Thread added: 0x000000014b874a00
Event: 9.988 Protecting memory [0x0000000290a40000,0x0000000290a4c000] with protection modes 0
Event: 9.988 Thread 0x000000013b016c00 Thread added: 0x000000013b016c00
Event: 9.988 Protecting memory [0x0000000291270000,0x000000029127c000] with protection modes 0
Event: 10.031 Loaded shared library /Users/saroz/.openjfx/cache/17.0.1/libjavafx_font.dylib
Event: 10.095 Protecting memory [0x0000000291270000,0x000000029127c000] with protection modes 3
Event: 10.095 Thread 0x000000013b016c00 Thread exited: 0x000000013b016c00
Event: 10.104 Protecting memory [0x000000016e9f8000,0x000000016ea04000] with protection modes 0
Event: 10.104 Thread 0x000000014b07b600 Thread added: 0x000000014b07b600
Event: 10.221 Thread 0x000000013b1eba00 Thread added: 0x000000013b1eba00
Event: 10.221 Protecting memory [0x0000000291270000,0x000000029127c000] with protection modes 0
Event: 10.548 Thread 0x000000014b8d8e00 Thread added: 0x000000014b8d8e00
Event: 10.548 Protecting memory [0x000000029147c000,0x0000000291488000] with protection modes 0


Dynamic libraries:
0x000000010458c000 	/Users/saroz/Library/Java/JavaVirtualMachines/openjdk-18.0.1.1/Contents/Home/lib/libjli.dylib
0x00000001b7a99000 	/usr/lib/libz.1.dylib
0x00000001b7b49000 	/usr/lib/libSystem.B.dylib
0x00000001b7b43000 	/usr/lib/system/libcache.dylib
0x00000001b7b01000 	/usr/lib/system/libcommonCrypto.dylib
0x00000001b7b2a000 	/usr/lib/system/libcompiler_rt.dylib
0x00000001b7b21000 	/usr/lib/system/libcopyfile.dylib
0x00000001ace82000 	/usr/lib/system/libcorecrypto.dylib
0x00000001acf27000 	/usr/lib/system/libdispatch.dylib
0x00000001ad0ef000 	/usr/lib/system/libdyld.dylib
0x00000001b7b39000 	/usr/lib/system/libkeymgr.dylib
0x00000001b7ae3000 	/usr/lib/system/libmacho.dylib
0x00000001b71e3000 	/usr/lib/system/libquarantine.dylib
0x00000001b7b36000 	/usr/lib/system/libremovefile.dylib
0x00000001b2281000 	/usr/lib/system/libsystem_asl.dylib
0x00000001ace2c000 	/usr/lib/system/libsystem_blocks.dylib
0x00000001acfad000 	/usr/lib/system/libsystem_c.dylib
0x00000001b7b2e000 	/usr/lib/system/libsystem_collections.dylib
0x00000001b66a2000 	/usr/lib/system/libsystem_configuration.dylib
0x00000001b5926000 	/usr/lib/system/libsystem_containermanager.dylib
0x00000001b784a000 	/usr/lib/system/libsystem_coreservices.dylib
0x00000001af813000 	/usr/lib/system/libsystem_darwin.dylib
0x00000001b7b3a000 	/usr/lib/system/libsystem_dnssd.dylib
0x00000001acfaa000 	/usr/lib/system/libsystem_featureflags.dylib
0x00000001ad104000 	/usr/lib/system/libsystem_info.dylib
0x00000001b7aab000 	/usr/lib/system/libsystem_m.dylib
0x00000001acefc000 	/usr/lib/system/libsystem_malloc.dylib
0x00000001b2212000 	/usr/lib/system/libsystem_networkextension.dylib
0x00000001afc67000 	/usr/lib/system/libsystem_notify.dylib
0x00000001bdd4d000 	/usr/lib/system/libsystem_product_info_filter.dylib
0x00000001b66a7000 	/usr/lib/system/libsystem_sandbox.dylib
0x00000001b7b33000 	/usr/lib/system/libsystem_secinit.dylib
0x00000001ad0ac000 	/usr/lib/system/libsystem_kernel.dylib
0x00000001ad0fc000 	/usr/lib/system/libsystem_platform.dylib
0x00000001ad0e2000 	/usr/lib/system/libsystem_pthread.dylib
0x00000001b39be000 	/usr/lib/system/libsystem_symptoms.dylib
0x00000001ace68000 	/usr/lib/system/libsystem_trace.dylib
0x00000001b7b0e000 	/usr/lib/system/libunwind.dylib
0x00000001ace2e000 	/usr/lib/system/libxpc.dylib
0x00000001ad092000 	/usr/lib/libc++abi.dylib
0x00000001acf6e000 	/usr/lib/libobjc.A.dylib
0x00000001b7b19000 	/usr/lib/liboah.dylib
0x00000001ad02e000 	/usr/lib/libc++.1.dylib
0x00000001c374e000 	/System/Library/Frameworks/Cocoa.framework/Versions/A/Cocoa
0x00000001afcc7000 	/System/Library/Frameworks/AppKit.framework/Versions/C/AppKit
0x00000001b31fd000 	/System/Library/Frameworks/CoreData.framework/Versions/A/CoreData
0x00000001ae024000 	/System/Library/Frameworks/Foundation.framework/Versions/C/Foundation
0x00000001b0b7e000 	/System/Library/PrivateFrameworks/UIFoundation.framework/Versions/A/UIFoundation
0x00000001bda47000 	/System/Library/PrivateFrameworks/RemoteViewServices.framework/Versions/A/RemoteViewServices
0x00000001b6060000 	/System/Library/PrivateFrameworks/XCTTargetBootstrap.framework/Versions/A/XCTTargetBootstrap
0x00000001b984a000 	/System/Library/PrivateFrameworks/InternationalSupport.framework/Versions/A/InternationalSupport
0x00000001b98d3000 	/System/Library/PrivateFrameworks/UserActivity.framework/Versions/A/UserActivity
0x00000001b8d78000 	/usr/lib/libspindump.dylib
0x00000001b0dee000 	/System/Library/Frameworks/UniformTypeIdentifiers.framework/Versions/A/UniformTypeIdentifiers
0x00000001b45ed000 	/usr/lib/libapp_launch_measurement.dylib
0x00000001b3b65000 	/System/Library/PrivateFrameworks/CoreAnalytics.framework/Versions/A/CoreAnalytics
0x00000001b45f0000 	/System/Library/PrivateFrameworks/CoreAutoLayout.framework/Versions/A/CoreAutoLayout
0x00000001b5963000 	/System/Library/Frameworks/Metal.framework/Versions/A/Metal
0x00000001b66b2000 	/usr/lib/liblangid.dylib
0x00000001b6064000 	/System/Library/PrivateFrameworks/CoreSVG.framework/Versions/A/CoreSVG
0x00000001b22b5000 	/System/Library/PrivateFrameworks/SkyLight.framework/Versions/A/SkyLight
0x00000001b2682000 	/System/Library/Frameworks/CoreGraphics.framework/Versions/A/CoreGraphics
0x00000001be0c5000 	/System/Library/Frameworks/Accelerate.framework/Versions/A/Accelerate
0x00000001b87ec000 	/System/Library/PrivateFrameworks/IconServices.framework/Versions/A/IconServices
0x00000001b5945000 	/System/Library/Frameworks/IOSurface.framework/Versions/A/IOSurface
0x00000001b3b95000 	/usr/lib/libDiagnosticMessagesClient.dylib
0x00000001c150e000 	/System/Library/Frameworks/ApplicationServices.framework/Versions/A/ApplicationServices
0x00000001b6048000 	/System/Library/PrivateFrameworks/DFRFoundation.framework/Versions/A/DFRFoundation
0x00000001af568000 	/usr/lib/libicucore.A.dylib
0x00000001ba64b000 	/System/Library/Frameworks/AudioToolbox.framework/Versions/A/AudioToolbox
0x00000001b9856000 	/System/Library/PrivateFrameworks/DataDetectorsCore.framework/Versions/A/DataDetectorsCore
0x00000001cf9a4000 	/System/Library/PrivateFrameworks/TextInput.framework/Versions/A/TextInput
0x00000001b222c000 	/usr/lib/libMobileGestalt.dylib
0x00000001b5d18000 	/System/Library/Frameworks/Carbon.framework/Versions/A/Frameworks/HIToolbox.framework/Versions/A/HIToolbox
0x00000001b3ff6000 	/System/Library/Frameworks/QuartzCore.framework/Versions/A/QuartzCore
0x00000001af1e5000 	/System/Library/Frameworks/Security.framework/Versions/A/Security
0x00000001bda87000 	/System/Library/Frameworks/Carbon.framework/Versions/A/Frameworks/SpeechRecognition.framework/Versions/A/SpeechRecognition
0x00000001b4344000 	/System/Library/PrivateFrameworks/CoreUI.framework/Versions/A/CoreUI
0x00000001aeab6000 	/System/Library/Frameworks/CoreAudio.framework/Versions/A/CoreAudio
0x00000001b3c89000 	/System/Library/Frameworks/DiskArbitration.framework/Versions/A/DiskArbitration
0x00000001b915d000 	/System/Library/PrivateFrameworks/MultitouchSupport.framework/Versions/A/MultitouchSupport
0x00000001b222a000 	/usr/lib/libenergytrace.dylib
0x00000001afb91000 	/System/Library/Frameworks/IOKit.framework/Versions/A/IOKit
0x00000001bde70000 	/System/Library/Frameworks/CoreServices.framework/Versions/A/CoreServices
0x00000001b457d000 	/System/Library/PrivateFrameworks/PerformanceAnalysis.framework/Versions/A/PerformanceAnalysis
0x000000020e551000 	/System/Library/Frameworks/OpenGL.framework/Versions/A/OpenGL
0x00000001b7103000 	/System/Library/PrivateFrameworks/MobileKeyBag.framework/Versions/A/MobileKeyBag
0x00000001b2c92000 	/System/Library/Frameworks/ColorSync.framework/Versions/A/ColorSync
0x00000001ad130000 	/System/Library/Frameworks/CoreFoundation.framework/Versions/A/CoreFoundation
0x00000001b62e5000 	/System/Library/Frameworks/CoreImage.framework/Versions/A/CoreImage
0x00000001ae8d9000 	/System/Library/Frameworks/CoreText.framework/Versions/A/CoreText
0x00000001b6094000 	/System/Library/Frameworks/ImageIO.framework/Versions/A/ImageIO
0x00000001b7b4f000 	/System/Library/PrivateFrameworks/SoftLinking.framework/Versions/A/SoftLinking
0x00000001b463a000 	/usr/lib/libxml2.2.dylib
0x00000001b7de8000 	/usr/lib/libcompression.dylib
0x00000001b97a3000 	/System/Library/PrivateFrameworks/TextureIO.framework/Versions/A/TextureIO
0x00000001b8506000 	/usr/lib/libate.dylib
0x00000001b83ce000 	/usr/lib/liblzma.5.dylib
0x00000001add18000 	/System/Library/Frameworks/SystemConfiguration.framework/Versions/A/SystemConfiguration
0x00000001b7b4b000 	/usr/lib/libfakelink.dylib
0x00000001b1d59000 	/System/Library/Frameworks/CFNetwork.framework/Versions/A/CFNetwork
0x00000001b7c92000 	/usr/lib/libarchive.2.dylib
0x00000001b66ae000 	/System/Library/PrivateFrameworks/AppleSystemInfo.framework/Versions/A/AppleSystemInfo
0x00000001b720e000 	/usr/lib/libbsm.0.dylib
0x00000001b1291000 	/usr/lib/libnetwork.dylib
0x00000001b7ae9000 	/usr/lib/system/libkxld.dylib
0x00000001b6e25000 	/System/Library/PrivateFrameworks/IOMobileFramebuffer.framework/Versions/A/IOMobileFramebuffer
0x000000022a382000 	/usr/lib/libCoreEntitlements.dylib
0x00000001b782c000 	/System/Library/PrivateFrameworks/AppleFSCompression.framework/Versions/A/AppleFSCompression
0x00000001b71f6000 	/usr/lib/libcoretls.dylib
0x00000001b83e7000 	/usr/lib/libcoretls_cfhelpers.dylib
0x00000001b7de3000 	/usr/lib/libpam.2.dylib
0x00000001b35e6000 	/usr/lib/libsqlite3.dylib
0x00000001b844f000 	/usr/lib/libxar.1.dylib
0x00000001b783d000 	/usr/lib/libbz2.1.0.dylib
0x00000001b7b50000 	/usr/lib/libpcap.A.dylib
0x00000001b39b5000 	/usr/lib/libdns_services.dylib
0x00000001b7db6000 	/usr/lib/libapple_nghttp2.dylib
0x00000001b7b8d000 	/usr/lib/libiconv.2.dylib
0x00000001b7ae2000 	/usr/lib/libcharset.1.dylib
0x00000001b45b9000 	/System/Library/Frameworks/CoreServices.framework/Versions/A/Frameworks/FSEvents.framework/Versions/A/FSEvents
0x00000001af81e000 	/System/Library/Frameworks/CoreServices.framework/Versions/A/Frameworks/CarbonCore.framework/Versions/A/CarbonCore
0x00000001b3bec000 	/System/Library/Frameworks/CoreServices.framework/Versions/A/Frameworks/Metadata.framework/Versions/A/Metadata
0x00000001b7850000 	/System/Library/Frameworks/CoreServices.framework/Versions/A/Frameworks/OSServices.framework/Versions/A/OSServices
0x00000001b7d18000 	/System/Library/Frameworks/CoreServices.framework/Versions/A/Frameworks/SearchKit.framework/Versions/A/SearchKit
0x00000001b3943000 	/System/Library/Frameworks/CoreServices.framework/Versions/A/Frameworks/AE.framework/Versions/A/AE
0x00000001ad674000 	/System/Library/Frameworks/CoreServices.framework/Versions/A/Frameworks/LaunchServices.framework/Versions/A/LaunchServices
0x00000001b8377000 	/System/Library/Frameworks/CoreServices.framework/Versions/A/Frameworks/DictionaryServices.framework/Versions/A/DictionaryServices
0x00000001b45c6000 	/System/Library/Frameworks/CoreServices.framework/Versions/A/Frameworks/SharedFileList.framework/Versions/A/SharedFileList
0x00000001b71e6000 	/usr/lib/libCheckFix.dylib
0x00000001b2299000 	/System/Library/PrivateFrameworks/TCC.framework/Versions/A/TCC
0x00000001b66b4000 	/System/Library/PrivateFrameworks/CoreNLP.framework/Versions/A/CoreNLP
0x00000001b3b98000 	/System/Library/PrivateFrameworks/MetadataUtilities.framework/Versions/A/MetadataUtilities
0x00000001addd1000 	/usr/lib/libmecabra.dylib
0x00000001b721f000 	/usr/lib/libmecab.dylib
0x00000001add9d000 	/usr/lib/libCRFSuite.dylib
0x00000001b727d000 	/usr/lib/libgermantok.dylib
0x00000001b7d8f000 	/usr/lib/libThaiTokenizer.dylib
0x00000001b3c91000 	/System/Library/Frameworks/Accelerate.framework/Versions/A/Frameworks/vImage.framework/Versions/A/vImage
0x00000001bde47000 	/System/Library/Frameworks/Accelerate.framework/Versions/A/Frameworks/vecLib.framework/Versions/A/vecLib
0x00000001b8493000 	/System/Library/Frameworks/Accelerate.framework/Versions/A/Frameworks/vecLib.framework/Versions/A/libvMisc.dylib
0x00000001b6d2f000 	/System/Library/Frameworks/Accelerate.framework/Versions/A/Frameworks/vecLib.framework/Versions/A/libvDSP.dylib
0x00000001ad9f7000 	/System/Library/Frameworks/Accelerate.framework/Versions/A/Frameworks/vecLib.framework/Versions/A/libBLAS.dylib
0x00000001b7eb7000 	/System/Library/Frameworks/Accelerate.framework/Versions/A/Frameworks/vecLib.framework/Versions/A/libLAPACK.dylib
0x00000001b7280000 	/System/Library/Frameworks/Accelerate.framework/Versions/A/Frameworks/vecLib.framework/Versions/A/libLinearAlgebra.dylib
0x00000001b7dce000 	/System/Library/Frameworks/Accelerate.framework/Versions/A/Frameworks/vecLib.framework/Versions/A/libSparseBLAS.dylib
0x00000001b7eb2000 	/System/Library/Frameworks/Accelerate.framework/Versions/A/Frameworks/vecLib.framework/Versions/A/libQuadrature.dylib
0x00000001b67ab000 	/System/Library/Frameworks/Accelerate.framework/Versions/A/Frameworks/vecLib.framework/Versions/A/libBNNS.dylib
0x00000001adcb5000 	/System/Library/Frameworks/Accelerate.framework/Versions/A/Frameworks/vecLib.framework/Versions/A/libSparse.dylib
0x00000001b67a3000 	/System/Library/PrivateFrameworks/LinguisticData.framework/Versions/A/LinguisticData
0x00000001adc6b000 	/System/Library/PrivateFrameworks/Lexicon.framework/Versions/A/Lexicon
0x00000001b848b000 	/usr/lib/libChineseTokenizer.dylib
0x00000001ae412000 	/System/Library/PrivateFrameworks/LanguageModeling.framework/Versions/A/LanguageModeling
0x00000001b7d91000 	/System/Library/PrivateFrameworks/AppleSauce.framework/Versions/A/AppleSauce
0x00000001b6e12000 	/System/Library/PrivateFrameworks/CoreEmoji.framework/Versions/A/CoreEmoji
0x00000001b7c80000 	/usr/lib/libcmph.dylib
0x00000001b4599000 	/System/Library/Frameworks/OpenDirectory.framework/Versions/A/Frameworks/CFOpenDirectory.framework/Versions/A/CFOpenDirectory
0x00000001b4589000 	/System/Library/Frameworks/OpenDirectory.framework/Versions/A/OpenDirectory
0x00000001b83e9000 	/System/Library/PrivateFrameworks/APFS.framework/Versions/A/APFS
0x00000001b713e000 	/System/Library/Frameworks/SecurityFoundation.framework/Versions/A/SecurityFoundation
0x00000001b845d000 	/usr/lib/libutil.dylib
0x00000001afb53000 	/System/Library/PrivateFrameworks/CoreServicesStore.framework/Versions/A/CoreServicesStore
0x00000001b8461000 	/usr/lib/libxslt.1.dylib
0x00000001b71d2000 	/System/Library/PrivateFrameworks/BackgroundTaskManagement.framework/Versions/A/BackgroundTaskManagement
0x00000001b96c4000 	/System/Library/Frameworks/ImageIO.framework/Versions/A/Resources/libRadiance.dylib
0x00000001b96cd000 	/System/Library/Frameworks/ImageIO.framework/Versions/A/Resources/libJPEG.dylib
0x00000001b961f000 	/System/Library/Frameworks/ImageIO.framework/Versions/A/Resources/libPng.dylib
0x00000001b9641000 	/System/Library/Frameworks/ImageIO.framework/Versions/A/Resources/libTIFF.dylib
0x00000001b9728000 	/System/Library/Frameworks/ImageIO.framework/Versions/A/Resources/libGIF.dylib
0x00000001b906d000 	/System/Library/Frameworks/ImageIO.framework/Versions/A/Resources/libJP2.dylib
0x00000001b87b2000 	/usr/lib/libexpat.1.dylib
0x00000001b9028000 	/System/Library/PrivateFrameworks/AppleJPEG.framework/Versions/A/AppleJPEG
0x00000001b5bd7000 	/System/Library/PrivateFrameworks/FontServices.framework/libFontParser.dylib
0x00000001b38e8000 	/System/Library/PrivateFrameworks/RunningBoardServices.framework/Versions/A/RunningBoardServices
0x00000001c3dc4000 	/System/Library/PrivateFrameworks/IOSurfaceAccelerator.framework/Versions/A/IOSurfaceAccelerator
0x00000001b9159000 	/System/Library/PrivateFrameworks/WatchdogClient.framework/Versions/A/WatchdogClient
0x00000001ae516000 	/System/Library/Frameworks/CoreDisplay.framework/Versions/A/CoreDisplay
0x00000001b5ac5000 	/System/Library/Frameworks/CoreMedia.framework/Versions/A/CoreMedia
0x00000001b5959000 	/System/Library/PrivateFrameworks/IOAccelerator.framework/Versions/A/IOAccelerator
0x00000001b4727000 	/System/Library/Frameworks/CoreVideo.framework/Versions/A/CoreVideo
0x00000001b7de1000 	/System/Library/Frameworks/MetalPerformanceShaders.framework/Versions/A/MetalPerformanceShaders
0x00000001b9196000 	/System/Library/Frameworks/VideoToolbox.framework/Versions/A/VideoToolbox
0x00000001b382c000 	/System/Library/PrivateFrameworks/BaseBoard.framework/Versions/A/BaseBoard
0x00000001b35cb000 	/System/Library/PrivateFrameworks/ProtocolBuffer.framework/Versions/A/ProtocolBuffer
0x00000001b96bf000 	/System/Library/PrivateFrameworks/GPUWrangler.framework/Versions/A/GPUWrangler
0x00000001b969e000 	/System/Library/PrivateFrameworks/IOPresentment.framework/Versions/A/IOPresentment
0x00000001b96c7000 	/System/Library/PrivateFrameworks/DSExternalDisplay.framework/Versions/A/DSExternalDisplay
0x000000020e544000 	/System/Library/Frameworks/OpenGL.framework/Versions/A/Libraries/libCoreFSCache.dylib
0x0000000217d2f000 	/System/Library/PrivateFrameworks/GPUCompiler.framework/Versions/31001/Libraries/libGPUCompilerUtils.dylib
0x00000001b972d000 	/System/Library/PrivateFrameworks/CMCaptureCore.framework/Versions/A/CMCaptureCore
0x00000001b8d66000 	/System/Library/PrivateFrameworks/AppServerSupport.framework/Versions/A/AppServerSupport
0x00000001baf06000 	/System/Library/PrivateFrameworks/perfdata.framework/Versions/A/perfdata
0x00000001ae636000 	/System/Library/PrivateFrameworks/AudioToolboxCore.framework/Versions/A/AudioToolboxCore
0x00000001b5a9d000 	/System/Library/PrivateFrameworks/caulk.framework/Versions/A/caulk
0x00000001ba7fb000 	/usr/lib/libAudioStatistics.dylib
0x00000001cc118000 	/System/Library/PrivateFrameworks/SystemPolicy.framework/Versions/A/SystemPolicy
0x00000001baa5b000 	/usr/lib/libSMC.dylib
0x00000001c3630000 	/System/Library/Frameworks/CoreMIDI.framework/Versions/A/CoreMIDI
0x00000001b95ed000 	/usr/lib/libAudioToolboxUtility.dylib
0x00000001c8545000 	/System/Library/PrivateFrameworks/OSAServicesClient.framework/Versions/A/OSAServicesClient
0x00000001baf13000 	/usr/lib/libperfcheck.dylib
0x00000001ccc1f000 	/usr/lib/libmis.dylib
0x000000020e5a5000 	/System/Library/Frameworks/OpenGL.framework/Versions/A/Libraries/libGLU.dylib
0x000000020e564000 	/System/Library/Frameworks/OpenGL.framework/Versions/A/Libraries/libGFXShared.dylib
0x000000020e74e000 	/System/Library/Frameworks/OpenGL.framework/Versions/A/Libraries/libGL.dylib
0x000000020e56d000 	/System/Library/Frameworks/OpenGL.framework/Versions/A/Libraries/libGLImage.dylib
0x000000020e561000 	/System/Library/Frameworks/OpenGL.framework/Versions/A/Libraries/libCVMSPluginSupport.dylib
0x000000020e54b000 	/System/Library/Frameworks/OpenGL.framework/Versions/A/Libraries/libCoreVMClient.dylib
0x00000001b662f000 	/System/Library/Frameworks/MetalPerformanceShaders.framework/Versions/A/Frameworks/MPSCore.framework/Versions/A/MPSCore
0x00000001b779f000 	/System/Library/Frameworks/MetalPerformanceShaders.framework/Versions/A/Frameworks/MPSImage.framework/Versions/A/MPSImage
0x00000001b7295000 	/System/Library/Frameworks/MetalPerformanceShaders.framework/Versions/A/Frameworks/MPSNeuralNetwork.framework/Versions/A/MPSNeuralNetwork
0x00000001b76d2000 	/System/Library/Frameworks/MetalPerformanceShaders.framework/Versions/A/Frameworks/MPSMatrix.framework/Versions/A/MPSMatrix
0x00000001b74ad000 	/System/Library/Frameworks/MetalPerformanceShaders.framework/Versions/A/Frameworks/MPSRayIntersector.framework/Versions/A/MPSRayIntersector
0x00000001b7703000 	/System/Library/Frameworks/MetalPerformanceShaders.framework/Versions/A/Frameworks/MPSNDArray.framework/Versions/A/MPSNDArray
0x000000021027c000 	/System/Library/Frameworks/MetalPerformanceShaders.framework/Versions/A/Frameworks/MPSFunctions.framework/Versions/A/MPSFunctions
0x00000001ad8d5000 	/System/Library/PrivateFrameworks/MetalTools.framework/Versions/A/MetalTools
0x00000001b66ac000 	/System/Library/PrivateFrameworks/AggregateDictionary.framework/Versions/A/AggregateDictionary
0x00000001b8598000 	/usr/lib/libIOReport.dylib
0x00000001c2617000 	/System/Library/PrivateFrameworks/ASEProcessing.framework/Versions/A/ASEProcessing
0x00000001b890b000 	/System/Library/PrivateFrameworks/FaceCore.framework/Versions/A/FaceCore
0x00000001b88fd000 	/System/Library/PrivateFrameworks/GraphVisualizer.framework/Versions/A/GraphVisualizer
0x0000000217c46000 	/System/Library/PrivateFrameworks/FontServices.framework/Versions/A/FontServices
0x00000001b8d20000 	/System/Library/PrivateFrameworks/OTSVG.framework/Versions/A/OTSVG
0x00000001b42f5000 	/System/Library/Frameworks/ApplicationServices.framework/Versions/A/Frameworks/ATS.framework/Versions/A/Resources/libFontRegistry.dylib
0x00000001b8d6f000 	/System/Library/PrivateFrameworks/FontServices.framework/libhvf.dylib
0x0000000217c47000 	/System/Library/PrivateFrameworks/FontServices.framework/libXTFontStaticRegistryData.dylib
0x000000020e8f0000 	/System/Library/Frameworks/OpenCL.framework/Versions/A/OpenCL
0x00000001b8766000 	/System/Library/PrivateFrameworks/AppleVA.framework/Versions/A/AppleVA
0x00000001ba823000 	/System/Library/Frameworks/ApplicationServices.framework/Versions/A/Frameworks/ATS.framework/Versions/A/ATS
0x00000001b2d8f000 	/System/Library/Frameworks/ApplicationServices.framework/Versions/A/Frameworks/HIServices.framework/Versions/A/HIServices
0x00000001b9737000 	/System/Library/Frameworks/ApplicationServices.framework/Versions/A/Frameworks/PrintCore.framework/Versions/A/PrintCore
0x00000001babae000 	/System/Library/Frameworks/ApplicationServices.framework/Versions/A/Frameworks/QD.framework/Versions/A/QD
0x00000001baba6000 	/System/Library/Frameworks/ApplicationServices.framework/Versions/A/Frameworks/ColorSyncLegacy.framework/Versions/A/ColorSyncLegacy
0x00000001ba80f000 	/System/Library/Frameworks/ApplicationServices.framework/Versions/A/Frameworks/SpeechSynthesis.framework/Versions/A/SpeechSynthesis
0x00000001b96f8000 	/System/Library/Frameworks/ApplicationServices.framework/Versions/A/Frameworks/ATSUI.framework/Versions/A/ATSUI
0x00000001bab3b000 	/usr/lib/libcups.2.dylib
0x00000001baf21000 	/System/Library/Frameworks/Kerberos.framework/Versions/A/Kerberos
0x00000001baf32000 	/System/Library/Frameworks/GSS.framework/Versions/A/GSS
0x00000001ba892000 	/usr/lib/libresolv.9.dylib
0x00000001b8d7d000 	/System/Library/PrivateFrameworks/Heimdal.framework/Versions/A/Heimdal
0x00000001c1886000 	/System/Library/Frameworks/Kerberos.framework/Versions/A/Libraries/libHeimdalProxy.dylib
0x00000001b39c7000 	/System/Library/Frameworks/Network.framework/Versions/A/Network
0x00000001b87cd000 	/usr/lib/libheimdal-asn1.dylib
0x00000001baf78000 	/System/Library/PrivateFrameworks/CommonAuth.framework/Versions/A/CommonAuth
0x00000001ba789000 	/System/Library/PrivateFrameworks/AudioSession.framework/Versions/A/AudioSession
0x00000001b885e000 	/System/Library/PrivateFrameworks/MediaExperience.framework/Versions/A/MediaExperience
0x00000001ba611000 	/System/Library/PrivateFrameworks/AudioSession.framework/libSessionUtility.dylib
0x00000001babba000 	/System/Library/PrivateFrameworks/AudioResourceArbitration.framework/Versions/A/AudioResourceArbitration
0x00000001becc5000 	/System/Library/PrivateFrameworks/PowerLog.framework/Versions/A/PowerLog
0x00000001b87d6000 	/System/Library/PrivateFrameworks/IconFoundation.framework/Versions/A/IconFoundation
0x00000001bda73000 	/System/Library/PrivateFrameworks/SpeechRecognitionCore.framework/Versions/A/SpeechRecognitionCore
0x0000000105838000 	/Users/saroz/Library/Java/JavaVirtualMachines/openjdk-18.0.1.1/Contents/Home/lib/server/libjvm.dylib
0x00000001045f0000 	/Users/saroz/Library/Java/JavaVirtualMachines/openjdk-18.0.1.1/Contents/Home/lib/libjimage.dylib
0x000000010461c000 	/Users/saroz/Library/Java/JavaVirtualMachines/openjdk-18.0.1.1/Contents/Home/lib/libinstrument.dylib
0x0000000104668000 	/Users/saroz/Library/Java/JavaVirtualMachines/openjdk-18.0.1.1/Contents/Home/lib/libjava.dylib
0x000000010464c000 	/Users/saroz/Library/Java/JavaVirtualMachines/openjdk-18.0.1.1/Contents/Home/lib/libzip.dylib
0x00000001047c4000 	/Users/saroz/Library/Java/JavaVirtualMachines/openjdk-18.0.1.1/Contents/Home/lib/libnio.dylib
0x00000001047e4000 	/Users/saroz/Library/Java/JavaVirtualMachines/openjdk-18.0.1.1/Contents/Home/lib/libnet.dylib
0x00000001047a4000 	/Users/saroz/Library/Java/JavaVirtualMachines/openjdk-18.0.1.1/Contents/Home/lib/libextnet.dylib
0x0000000104804000 	/Users/saroz/Library/Java/JavaVirtualMachines/openjdk-18.0.1.1/Contents/Home/lib/libmanagement.dylib
0x00000001054d0000 	/Users/saroz/Library/Java/JavaVirtualMachines/openjdk-18.0.1.1/Contents/Home/lib/libmanagement_ext.dylib
0x00000001054e4000 	/Users/saroz/.openjfx/cache/17.0.1/libprism_es2.dylib
0x00000001afb16000 	/System/Library/PrivateFrameworks/CoreServicesInternal.framework/Versions/A/CoreServicesInternal
0x000000020e758000 	/System/Library/Frameworks/OpenGL.framework/Versions/A/Resources/GLEngine.bundle/GLEngine
0x000000020e5df000 	/System/Library/Frameworks/OpenGL.framework/Versions/A/Libraries/libGLProgrammability.dylib
0x00000001056d8000 	/System/Library/Extensions/AppleMetalOpenGLRenderer.bundle/Contents/MacOS/AppleMetalOpenGLRenderer
0x000000020e8c7000 	/System/Library/Frameworks/OpenGL.framework/Versions/A/Resources/GLRendererFloat.bundle/GLRendererFloat
0x000000020e968000 	/System/Library/Extensions/AGXMetal13_3.bundle/Contents/MacOS/AGXMetal13_3
0x00000001ccc3b000 	/System/Library/PrivateFrameworks/GPURawCounter.framework/Versions/A/GPURawCounter
0x00000001c76c9000 	/System/Library/PrivateFrameworks/IOGPU.framework/Versions/A/IOGPU
0x0000000105770000 	/Users/saroz/.openjfx/cache/17.0.1/libglass.dylib
0x00000001bef19000 	/System/Library/Frameworks/FileProvider.framework/Versions/A/FileProvider
0x00000001b3794000 	/System/Library/Frameworks/Accounts.framework/Versions/A/Accounts
0x00000001bf099000 	/System/Library/PrivateFrameworks/GenerationalStorage.framework/Versions/A/GenerationalStorage
0x00000001bfc4f000 	/System/Library/PrivateFrameworks/CoreSymbolication.framework/Versions/A/CoreSymbolication
0x00000001becb9000 	/System/Library/PrivateFrameworks/SymptomDiagnosticReporter.framework/Versions/A/SymptomDiagnosticReporter
0x00000001b0e02000 	/System/Library/PrivateFrameworks/DesktopServicesPriv.framework/Versions/A/DesktopServicesPriv
0x00000001afc76000 	/usr/lib/libsandbox.1.dylib
0x00000001b47b4000 	/System/Library/PrivateFrameworks/UserManagement.framework/Versions/A/UserManagement
0x00000001bfc10000 	/System/Library/PrivateFrameworks/DebugSymbols.framework/Versions/A/DebugSymbols
0x00000001bab99000 	/System/Library/PrivateFrameworks/NetAuth.framework/Versions/A/NetAuth
0x00000001bba9c000 	/System/Library/PrivateFrameworks/Sharing.framework/Versions/A/Sharing
0x00000001b4784000 	/System/Library/PrivateFrameworks/login.framework/Versions/A/Frameworks/loginsupport.framework/Versions/A/loginsupport
0x00000001c0dc8000 	/System/Library/PrivateFrameworks/Apple80211.framework/Versions/A/Apple80211
0x00000001b7883000 	/System/Library/PrivateFrameworks/AuthKit.framework/Versions/A/AuthKit
0x00000001b6f11000 	/System/Library/PrivateFrameworks/CoreUtils.framework/Versions/A/CoreUtils
0x00000001b6e31000 	/System/Library/Frameworks/CoreWLAN.framework/Versions/A/CoreWLAN
0x00000001bbc06000 	/System/Library/Frameworks/IOBluetooth.framework/Versions/A/IOBluetooth
0x00000001c0e28000 	/System/Library/PrivateFrameworks/CoreWiFi.framework/Versions/A/CoreWiFi
0x00000001bf7f7000 	/System/Library/PrivateFrameworks/FrontBoardServices.framework/Versions/A/FrontBoardServices
0x00000001bf88f000 	/System/Library/PrivateFrameworks/BoardServices.framework/Versions/A/BoardServices
0x00000001b712c000 	/System/Library/PrivateFrameworks/AssertionServices.framework/Versions/A/AssertionServices
0x00000001c0f96000 	/System/Library/PrivateFrameworks/BackBoardServices.framework/Versions/A/BackBoardServices
0x00000001bb00b000 	/System/Library/PrivateFrameworks/CorePhoneNumbers.framework/Versions/A/CorePhoneNumbers
0x00000001bede9000 	/System/Library/PrivateFrameworks/DiskManagement.framework/Versions/A/DiskManagement
0x00000001becec000 	/System/Library/PrivateFrameworks/AppleIDAuthSupport.framework/Versions/A/AppleIDAuthSupport
0x0000000212566000 	/System/Library/PrivateFrameworks/AAAFoundation.framework/Versions/A/AAAFoundation
0x00000001bafea000 	/System/Library/PrivateFrameworks/KeychainCircle.framework/Versions/A/KeychainCircle
0x00000001bedb5000 	/System/Library/PrivateFrameworks/MediaKit.framework/Versions/A/MediaKit
0x00000001becf9000 	/System/Library/Frameworks/DiscRecording.framework/Versions/A/DiscRecording
0x00000001b86e2000 	/usr/lib/libCoreStorage.dylib
0x00000001c1292000 	/usr/lib/libcsfde.dylib
0x00000001bbcdb000 	/System/Library/PrivateFrameworks/ProtectedCloudStorage.framework/Versions/A/ProtectedCloudStorage
0x00000001c128a000 	/System/Library/PrivateFrameworks/EFILogin.framework/Versions/A/EFILogin
0x00000001bf0c0000 	/System/Library/PrivateFrameworks/OctagonTrust.framework/Versions/A/OctagonTrust
0x0000000216e92000 	/System/Library/PrivateFrameworks/CoreUtilsExtras.framework/Versions/A/CoreUtilsExtras
0x00000001bec2e000 	/System/Library/Frameworks/CoreBluetooth.framework/Versions/A/CoreBluetooth
0x00000001c190b000 	/System/Library/Frameworks/AudioUnit.framework/Versions/A/AudioUnit
0x00000001b86da000 	/usr/lib/libMatch.1.dylib
0x00000001d0f31000 	/System/Library/Frameworks/Accelerate.framework/Versions/A/Frameworks/vImage.framework/Versions/A/Libraries/libCGInterfaces.dylib
0x000000011d0e4000 	/usr/lib/libobjc-trampolines.dylib
0x00000001b4481000 	/System/Library/PrivateFrameworks/ViewBridge.framework/Versions/A/ViewBridge
0x00000001b8e2b000 	/System/Library/PrivateFrameworks/login.framework/Versions/A/login
0x000000012ab98000 	/Users/saroz/.openjfx/cache/17.0.1/libjavafx_font.dylib
0x000000022a4fc000 	/usr/lib/libRosetta.dylib


VM Arguments:
jvm_args: -XX:TieredStopAtLevel=1 -Xverify:none -Dspring.output.ansi.enabled=always -Dcom.sun.management.jmxremote -Dspring.jmx.enabled=true -Dspring.liveBeansView.mbeanDomain -Dspring.application.admin.enabled=true -javaagent:/Applications/IntelliJ IDEA.app/Contents/lib/idea_rt.jar=58303:/Applications/IntelliJ IDEA.app/Contents/bin -Dfile.encoding=UTF-8 
java_command: com.mpp.librarysys.LibrarySystemSpringBootApplication
java_class_path (initial): /Users/saroz/MIU/Academics/Project/MPP-LmsFX/target/classes:/Users/saroz/.m2/repository/org/springframework/boot/spring-boot-starter-data-jpa/2.7.0/spring-boot-starter-data-jpa-2.7.0.jar:/Users/saroz/.m2/repository/org/springframework/boot/spring-boot-starter-aop/2.7.0/spring-boot-starter-aop-2.7.0.jar:/Users/saroz/.m2/repository/org/springframework/spring-aop/5.3.20/spring-aop-5.3.20.jar:/Users/saroz/.m2/repository/org/aspectj/aspectjweaver/1.9.7/aspectjweaver-1.9.7.jar:/Users/saroz/.m2/repository/org/springframework/boot/spring-boot-starter-jdbc/2.7.0/spring-boot-starter-jdbc-2.7.0.jar:/Users/saroz/.m2/repository/com/zaxxer/HikariCP/4.0.3/HikariCP-4.0.3.jar:/Users/saroz/.m2/repository/org/springframework/spring-jdbc/5.3.20/spring-jdbc-5.3.20.jar:/Users/saroz/.m2/repository/jakarta/transaction/jakarta.transaction-api/1.3.3/jakarta.transaction-api-1.3.3.jar:/Users/saroz/.m2/repository/jakarta/persistence/jakarta.persistence-api/2.2.3/jakarta.persistence-api-2.2.3.jar:/Users/saroz/.m2/repository/org/hibernate/hibernate-core/5.6.9.Final/hibernate-core-5.6.9.Final.jar:/Users/saroz/.m2/repository/org/jboss/logging/jboss-logging/3.4.3.Final/jboss-logging-3.4.3.Final.jar:/Users/saroz/.m2/repository/net/bytebuddy/byte-buddy/1.12.10/byte-buddy-1.12.10.jar:/Users/saroz/.m2/repository/antlr/antlr/2.7.7/antlr-2.7.7.jar:/Users/saroz/.m2/repository/org/jboss/jandex/2.4.2.Final/jandex-2.4.2.Final.jar:/Users/saroz/.m2/repository/com/fasterxml/classmate/1.5.1/classmate-1.5.1.jar:/Users/saroz/.m2/repository/org/hibernate/common/hibernate-commons-annotations/5.1.2.Final/hibernate-commons-annotations-5.1.2.Final.jar:/Users/saroz/.m2/repository/org/glassfish/jaxb/jaxb-runtime/2.3.6/jaxb-runtime-2.3.6.jar:/Users/saroz/.m2/repository/org/glassfish/jaxb/txw2/2.3.6/txw2-2.3.6.jar:/Users/saroz/.m2/repository/com/sun/istack/istack-commons-runtime/3.0.12/istack-commons-runtime-3.0.12.jar:/Users/saroz/.m2/repository/com/sun/activation/jakarta.activation/1.2.2/jakarta.activation-1.2.2.jar:/Users/saroz/.m2/repository/org/springframework/data/spring-data-jpa/2.7.0/spring-data-jpa-2.7.0.jar:/Users/saroz/.m2/repository/org/springframework/data/spring-data-commons/2.7.0/spring-data-commons-2.7.0.jar:/Users/saroz/.m2/repository/org/springframework/spring-orm/5.3.20/spring-orm-5.3.20.jar:/Users/saroz/.m2/repository/org/springframework/spring-context/5.3.20/spring-context-5.3.20.jar:/Users/saroz/.m2/repository/org/springframework/spring-expression/5.3.20/spring-expression-5.3.20.jar:/Users/saroz/.m2/repository/org/springframework/spring-tx/5.3.20/spring-tx-5.3.20.jar:/Users/saroz/.m2/repository/org/springframework/spring-beans/5.3.20/spring-beans-5.3.20.jar:/Users/saroz/.m2/repository/org/slf4j/slf4j-api/1.7.36/slf4j-api-1.7.36.jar:/Users/saroz/.m2/repository/org/springframework/spring-aspects/5.3.20/spring-aspects-5.3.20.jar:/Users/saroz/.m2/repository/mysql/mysql-connector-java/8.0.29/mysql-connector-java-8.0.29.jar:/Users/saroz/.m2/repository/org/springframework/boot/spring-boot-starter/2.7.0/spring-boot-starter-2.7.0.jar:/Users/saroz/.m2/repository/org/springframework/boot/spring-boot/2.7.0/spring-boot-2.7.0.jar:/Users/saroz/.m2/repository/org/springframework/boot/spring-boot-autoconfigure/2.7.0/spring-boot-autoconfigure-2.7.0.jar:/Users/saroz/.m2/repository/org/springframework/boot/spring-boot-starter-logging/2.7.0/spring-boot-starter-logging-2.7.0.jar:/Users/saroz/.m2/repository/ch/qos/logback/logback-classic/1.2.11/logback-classic-1.2.11.jar:/Users/saroz/.m2/repository/ch/qos/logback/logback-core/1.2.11/logback-core-1.2.11.jar:/Users/saroz/.m2/repository/org/apache/logging/log4j/log4j-to-slf4j/2.17.2/log4j-to-slf4j-2.17.2.jar:/Users/saroz/.m2/repository/org/apache/logging/log4j/log4j-api/2.17.2/log4j-api-2.17.2.jar:/Users/saroz/.m2/repository/org/slf4j/jul-to-slf4j/1.7.36/jul-to-slf4j-1.7.36.jar:/Users/saroz/.m2/repository/jakarta/annotation/jakarta.annotation-api/1.3.5/jakarta.annotation-api-1.3.5.jar:/Users/saroz/.m2/repository/org/yaml/snakeyaml/1.30/snakeyaml-1.30.jar:/Users/saroz/.m2/repository/jakarta/xml/bind/jakarta.xml.bind-api/2.3.3/jakarta.xml.bind-api-2.3.3.jar:/Users/saroz/.m2/repository/jakarta/activation/jakarta.activation-api/1.2.2/jakarta.activation-api-1.2.2.jar:/Users/saroz/.m2/repository/org/springframework/spring-core/5.3.20/spring-core-5.3.20.jar:/Users/saroz/.m2/repository/org/springframework/spring-jcl/5.3.20/spring-jcl-5.3.20.jar:/Users/saroz/.m2/repository/org/openjfx/javafx-controls/17.0.1/javafx-controls-17.0.1.jar:/Users/saroz/.m2/repository/org/openjfx/javafx-controls/17.0.1/javafx-controls-17.0.1-mac-aarch64.jar:/Users/saroz/.m2/repository/org/openjfx/javafx-fxml/17.0.1/javafx-fxml-17.0.1.jar:/Users/saroz/.m2/repository/org/openjfx/javafx-fxml/17.0.1/javafx-fxml-17.0.1-mac-aarch64.jar:/Users/saroz/.m2/repository/org/openjfx/javafx-graphics/17.0.1/javafx-graphics-17.0.1.jar:/Users/saroz/.m2/repository/org/openjfx/javafx-graphics/17.0.1/javafx-graphics-17.0.1-mac-aarch64.jar:/Users/saroz/.m2/repository/org/openjfx/javafx-base/17.0.1/javafx-base-17.0.1.jar:/Users/saroz/.m2/repository/org/openjfx/javafx-base/17.0.1/javafx-base-17.0.1-mac-aarch64.jar
Launcher Type: SUN_STANDARD

[Global flags]
     intx CICompilerCount                          = 4                                         {product} {ergonomic}
     uint ConcGCThreads                            = 2                                         {product} {ergonomic}
     uint G1ConcRefinementThreads                  = 8                                         {product} {ergonomic}
   size_t G1HeapRegionSize                         = 1048576                                   {product} {ergonomic}
    uintx GCDrainStackTargetSize                   = 64                                        {product} {ergonomic}
   size_t InitialHeapSize                          = 134217728                                 {product} {ergonomic}
     bool ManagementServer                         = true                                      {product} {command line}
   size_t MarkStackSize                            = 4194304                                   {product} {ergonomic}
   size_t MaxHeapSize                              = 2147483648                                {product} {ergonomic}
   size_t MaxNewSize                               = 1287651328                                {product} {ergonomic}
   size_t MinHeapDeltaBytes                        = 1048576                                   {product} {ergonomic}
   size_t MinHeapSize                              = 8388608                                   {product} {ergonomic}
    uintx NonProfiledCodeHeapSize                  = 0                                      {pd product} {ergonomic}
     bool ProfileInterpreter                       = false                                  {pd product} {command line}
    uintx ProfiledCodeHeapSize                     = 0                                      {pd product} {ergonomic}
   size_t SoftMaxHeapSize                          = 2147483648                             {manageable} {ergonomic}
     intx TieredStopAtLevel                        = 1                                         {product} {command line}
     bool UseCompressedClassPointers               = true                           {product lp64_product} {ergonomic}
     bool UseCompressedOops                        = true                           {product lp64_product} {ergonomic}
     bool UseG1GC                                  = true                                      {product} {ergonomic}
     bool UseNUMA                                  = false                                     {product} {ergonomic}
     bool UseNUMAInterleaving                      = false                                     {product} {ergonomic}

Logging:
Log output configuration:
 #0: stdout all=warning uptime,level,tags foldmultilines=false
 #1: stderr all=off uptime,level,tags foldmultilines=false

Environment Variables:
JAVA_HOME=/Library/Java/JavaVirtualMachines/jdk-17.0.3.1.jdk/Contents/Home
PATH=/Library/Java/JavaVirtualMachines/jdk-17.0.3.1.jdk/Contents/Home/bin:/usr/local/bin:/usr/bin:/bin:/usr/sbin:/sbin
SHELL=/bin/zsh
LC_CTYPE=en_US.UTF-8

Signal Handlers:
   SIGSEGV: _ZL13crash_handleriP9__siginfoPv in libjvm.dylib, mask=11100110000111110111111111111111, flags=SA_RESTART|SA_SIGINFO
    SIGBUS: _ZL13crash_handleriP9__siginfoPv in libjvm.dylib, mask=11100110000111110111111111111111, flags=SA_RESTART|SA_SIGINFO
    SIGFPE: _ZL13crash_handleriP9__siginfoPv in libjvm.dylib, mask=11100110000111110111111111111111, flags=SA_RESTART|SA_SIGINFO
   SIGPIPE: _ZL17javaSignalHandleriP9__siginfoPv in libjvm.dylib, mask=11100110000111110111111111111111, flags=SA_RESTART|SA_SIGINFO
   SIGXFSZ: _ZL17javaSignalHandleriP9__siginfoPv in libjvm.dylib, mask=11100110000111110111111111111111, flags=SA_RESTART|SA_SIGINFO
    SIGILL: _ZL13crash_handleriP9__siginfoPv in libjvm.dylib, mask=11100110000111110111111111111111, flags=SA_RESTART|SA_SIGINFO
   SIGUSR2: _ZL10SR_handleriP9__siginfoP17__darwin_ucontext in libjvm.dylib, mask=00100000000000000000000000000000, flags=SA_RESTART|SA_SIGINFO
    SIGHUP: _ZL11UserHandleriPvS_ in libjvm.dylib, mask=11100110000111110111111111111111, flags=SA_RESTART|SA_SIGINFO
    SIGINT: _ZL11UserHandleriPvS_ in libjvm.dylib, mask=11100110000111110111111111111111, flags=SA_RESTART|SA_SIGINFO
   SIGTERM: _ZL11UserHandleriPvS_ in libjvm.dylib, mask=11100110000111110111111111111111, flags=SA_RESTART|SA_SIGINFO
   SIGQUIT: _ZL11UserHandleriPvS_ in libjvm.dylib, mask=11100110000111110111111111111111, flags=SA_RESTART|SA_SIGINFO
   SIGTRAP: _ZL13crash_handleriP9__siginfoPv in libjvm.dylib, mask=11100110000111110111111111111111, flags=SA_RESTART|SA_SIGINFO


---------------  S Y S T E M  ---------------

OS:
uname: Darwin 21.3.0 Darwin Kernel Version 21.3.0: Wed Jan  5 21:37:58 PST 2022; root:xnu-8019.80.24~20/RELEASE_ARM64_T8101 arm64
OS uptime: 30 days 20:29 hours
rlimit (soft/hard): STACK 8176k/65520k , CORE 0k/infinity , NPROC 1333/2000 , NOFILE 10240/infinity , AS infinity/infinity , CPU infinity/infinity , DATA infinity/infinity , FSIZE infinity/infinity , MEMLOCK infinity/infinity , RSS infinity/infinity
load average: 3.09 2.99 2.67

CPU: total 8 (initial active 8) 0x61:0x0:0x1b588bb3:0, fp, simd, aes, pmull, crc, lse

Memory: 16k page, physical 8388608k(94768k free), swap 4194304k(961024k free)

vm_info: OpenJDK 64-Bit Server VM (18.0.1.1+2-6) for bsd-aarch64 JRE (18.0.1.1+2-6), built on Apr 25 2022 20:45:35 by "mach5one" with clang Apple LLVM 12.0.0 (clang-1200.0.32.29)

END.
